#
# There is insufficient memory for the Java Runtime Environment to continue.
# Native memory allocation (malloc) failed to allocate 32744 bytes for ChunkPool::allocate
# Possible reasons:
#   The system is out of physical RAM or swap space
#   The process is running with CompressedOops enabled, and the Java Heap may be blocking the growth of the native heap
# Possible solutions:
#   Reduce memory load on the system
#   Increase physical memory or swap space
#   Check if swap backing store is full
#   Decrease Java heap size (-Xmx/-Xms)
#   Decrease number of Java threads
#   Decrease Java thread stack sizes (-Xss)
#   Set larger code cache with -XX:ReservedCodeCacheSize=
#   JVM is running with Unscaled Compressed Oops mode in which the Java heap is
#     placed in the first 4GB address space. The Java Heap base address is the
#     maximum limit for the native heap growth. Please use -XX:HeapBaseMinAddress
#     to set the Java Heap base and to place the Java Heap above 4GB virtual address.
# This output file may be truncated or incomplete.
#
#  Out of Memory Error (arena.cpp:78), pid=14108, tid=14140
#
# JRE version: Java(TM) SE Runtime Environment (17.0.7+8) (build 17.0.7+8-LTS-224)
# Java VM: Java HotSpot(TM) 64-Bit Server VM (17.0.7+8-LTS-224, mixed mode, sharing, tiered, compressed oops, compressed class ptrs, g1 gc, windows-amd64)
# No core dump will be written. Minidumps are not enabled by default on client versions of Windows
#

---------------  S U M M A R Y ------------

Command Line: -Dfile.encoding=UTF-8 --module-path=C:\Users\mb\Documents\NetBeansProjects\kiosco\build\classes ventanas.Productos

Host: AMD Ryzen 3 2200G with Radeon Vega Graphics    , 4 cores, 5G,  Windows 10 , 64 bit Build 19041 (10.0.19041.546)
Time: Sun Jun  4 23:39:28 2023 Hora estándar de Argentina elapsed time: 8.945152 seconds (0d 0h 0m 8s)

---------------  T H R E A D  ---------------

Current thread (0x00000246caa47380):  JavaThread "C2 CompilerThread1" daemon [_thread_in_native, id=14140, stack(0x000000ac75a00000,0x000000ac75b00000)]


Current CompileTask:
C2:   8945 2448   !   4       javax.swing.UIDefaults::getFromHashtable (239 bytes)

Stack: [0x000000ac75a00000,0x000000ac75b00000]
Native frames: (J=compiled Java code, j=interpreted, Vv=VM code, C=native code)
V  [jvm.dll+0x676a4a]
V  [jvm.dll+0x7d74f4]
V  [jvm.dll+0x7d8c9e]
V  [jvm.dll+0x7d9303]
V  [jvm.dll+0x2452c5]
V  [jvm.dll+0xaac80]
V  [jvm.dll+0xaafcc]
V  [jvm.dll+0x366daf]
V  [jvm.dll+0x3663f1]
V  [jvm.dll+0x366434]
V  [jvm.dll+0x560cb8]
V  [jvm.dll+0x32bbd0]
V  [jvm.dll+0x32b03a]
V  [jvm.dll+0x217acf]
V  [jvm.dll+0x216f01]
V  [jvm.dll+0x1a35e0]
V  [jvm.dll+0x226a6e]
V  [jvm.dll+0x224e15]
V  [jvm.dll+0x78d05c]
V  [jvm.dll+0x78759a]
V  [jvm.dll+0x675875]
C  [ucrtbase.dll+0x214c2]
C  [KERNEL32.DLL+0x17034]
C  [ntdll.dll+0x4cec1]


---------------  P R O C E S S  ---------------

Threads class SMR info:
_java_thread_list=0x00000246caa4f1b0, length=20, elements={
0x00000246c348a730, 0x00000246c348b4c0, 0x00000246c349d4c0, 0x00000246c349ed90,
0x00000246c349fa60, 0x00000246c34a2070, 0x00000246c34a9830, 0x00000246c34d2200,
0x00000246c34d6320, 0x00000246c34a3d50, 0x00000246c34a2a10, 0x00000246c34a2ee0,
0x00000246c34a2540, 0x00000246c34a5560, 0x00000246c34a3880, 0x00000246c34a4bc0,
0x00000246c4e989a0, 0x00000246c4e98000, 0x00000246c4e97660, 0x00000246caa47380
}

Java Threads: ( => current thread )
  0x00000246c348a730 JavaThread "Reference Handler" daemon [_thread_blocked, id=14832, stack(0x000000ac73800000,0x000000ac73900000)]
  0x00000246c348b4c0 JavaThread "Finalizer" daemon [_thread_blocked, id=8448, stack(0x000000ac73900000,0x000000ac73a00000)]
  0x00000246c349d4c0 JavaThread "Signal Dispatcher" daemon [_thread_blocked, id=14804, stack(0x000000ac73a00000,0x000000ac73b00000)]
  0x00000246c349ed90 JavaThread "Attach Listener" daemon [_thread_blocked, id=14780, stack(0x000000ac73b00000,0x000000ac73c00000)]
  0x00000246c349fa60 JavaThread "Service Thread" daemon [_thread_blocked, id=14056, stack(0x000000ac73c00000,0x000000ac73d00000)]
  0x00000246c34a2070 JavaThread "Monitor Deflation Thread" daemon [_thread_blocked, id=14784, stack(0x000000ac73d00000,0x000000ac73e00000)]
  0x00000246c34a9830 JavaThread "C2 CompilerThread0" daemon [_thread_in_native, id=15040, stack(0x000000ac73e00000,0x000000ac73f00000)]
  0x00000246c34d2200 JavaThread "C1 CompilerThread0" daemon [_thread_blocked, id=13828, stack(0x000000ac73f00000,0x000000ac74000000)]
  0x00000246c34d6320 JavaThread "Sweeper thread" daemon [_thread_blocked, id=14252, stack(0x000000ac74000000,0x000000ac74100000)]
  0x00000246c34a3d50 JavaThread "Common-Cleaner" daemon [_thread_blocked, id=14304, stack(0x000000ac74100000,0x000000ac74200000)]
  0x00000246c34a2a10 JavaThread "Notification Thread" daemon [_thread_blocked, id=15144, stack(0x000000ac74200000,0x000000ac74300000)]
  0x00000246c34a2ee0 JavaThread "Java2D Disposer" daemon [_thread_blocked, id=13504, stack(0x000000ac74400000,0x000000ac74500000)]
  0x00000246c34a2540 JavaThread "AWT-Shutdown" [_thread_blocked, id=9712, stack(0x000000ac74500000,0x000000ac74600000)]
  0x00000246c34a5560 JavaThread "AWT-Windows" daemon [_thread_in_native, id=15312, stack(0x000000ac74600000,0x000000ac74700000)]
  0x00000246c34a3880 JavaThread "AWT-EventQueue-0" [_thread_in_native, id=13984, stack(0x000000ac74700000,0x000000ac74800000)]
  0x00000246c34a4bc0 JavaThread "DestroyJavaVM" [_thread_blocked, id=12748, stack(0x000000ac73100000,0x000000ac73200000)]
  0x00000246c4e989a0 JavaThread "mysql-cj-abandoned-connection-cleanup" daemon [_thread_blocked, id=12292, stack(0x000000ac75100000,0x000000ac75200000)]
  0x00000246c4e98000 JavaThread "D3D Screen Updater" daemon [_thread_blocked, id=14888, stack(0x000000ac75700000,0x000000ac75800000)]
  0x00000246c4e97660 JavaThread "TimerQueue" daemon [_thread_blocked, id=14328, stack(0x000000ac75200000,0x000000ac75300000)]
=>0x00000246caa47380 JavaThread "C2 CompilerThread1" daemon [_thread_in_native, id=14140, stack(0x000000ac75a00000,0x000000ac75b00000)]

Other Threads:
  0x00000246c34859c0 VMThread "VM Thread" [stack: 0x000000ac73700000,0x000000ac73800000] [id=14812]
  0x00000246a6f6ec40 WatcherThread [stack: 0x000000ac74300000,0x000000ac74400000] [id=13572]
  0x00000246a6f58cc0 GCTaskThread "GC Thread#0" [stack: 0x000000ac73200000,0x000000ac73300000] [id=14776]
  0x00000246c54de550 GCTaskThread "GC Thread#1" [stack: 0x000000ac75300000,0x000000ac75400000] [id=15216]
  0x00000246c54de800 GCTaskThread "GC Thread#2" [stack: 0x000000ac75400000,0x000000ac75500000] [id=12572]
  0x00000246c54deab0 GCTaskThread "GC Thread#3" [stack: 0x000000ac75500000,0x000000ac75600000] [id=13040]
  0x00000246a6f66920 ConcurrentGCThread "G1 Main Marker" [stack: 0x000000ac73300000,0x000000ac73400000] [id=13144]
  0x00000246a6f679e0 ConcurrentGCThread "G1 Conc#0" [stack: 0x000000ac73400000,0x000000ac73500000] [id=14984]
  0x00000246a6fcf0a0 ConcurrentGCThread "G1 Refine#0" [stack: 0x000000ac73500000,0x000000ac73600000] [id=12348]
  0x00000246ca807d10 ConcurrentGCThread "G1 Refine#1" [stack: 0x000000ac75600000,0x000000ac75700000] [id=13072]
  0x00000246a6fd18e0 ConcurrentGCThread "G1 Service" [stack: 0x000000ac73600000,0x000000ac73700000] [id=14148]

Threads with active compile tasks:
C2 CompilerThread0     9138 2396       4       javax.swing.plaf.nimbus.NimbusStyle::validate (1150 bytes)
C2 CompilerThread1     9138 2448   !   4       javax.swing.UIDefaults::getFromHashtable (239 bytes)

VM state: not at safepoint (normal execution)

VM Mutex/Monitor currently owned by a thread: None

Heap address: 0x00000000a1000000, size: 1520 MB, Compressed Oops mode: 32-bit

CDS archive(s) mapped at: [0x0000000800000000-0x0000000800bd0000-0x0000000800bd0000), size 12386304, SharedBaseAddress: 0x0000000800000000, ArchiveRelocationMode: 0.
Compressed class space mapped at: 0x0000000800c00000-0x0000000840c00000, reserved size: 1073741824
Narrow klass base: 0x0000000800000000, Narrow klass shift: 0, Narrow klass range: 0x100000000

GC Precious Log:
 CPUs: 4 total, 4 available
 Memory: 6075M
 Large Page Support: Disabled
 NUMA Support: Disabled
 Compressed Oops: Enabled (32-bit)
 Heap Region Size: 1M
 Heap Min Capacity: 8M
 Heap Initial Capacity: 96M
 Heap Max Capacity: 1520M
 Pre-touch: Disabled
 Parallel Workers: 4
 Concurrent Workers: 1
 Concurrent Refinement Workers: 4
 Periodic GC: Disabled

Heap:
 garbage-first heap   total 98304K, used 8577K [0x00000000a1000000, 0x0000000100000000)
  region size 1024K, 5 young (5120K), 2 survivors (2048K)
 Metaspace       used 16173K, committed 16384K, reserved 1064960K
  class space    used 1830K, committed 1920K, reserved 1048576K

Heap Regions: E=young(eden), S=young(survivor), O=old, HS=humongous(starts), HC=humongous(continues), CS=collection set, F=free, OA=open archive, CA=closed archive, TAMS=top-at-mark-start (previous, next)
|   0|0x00000000a1000000, 0x00000000a1100000, 0x00000000a1100000|100%| O|  |TAMS 0x00000000a1000000, 0x00000000a1000000| Untracked 
|   1|0x00000000a1100000, 0x00000000a1200000, 0x00000000a1200000|100%| O|  |TAMS 0x00000000a1100000, 0x00000000a1100000| Untracked 
|   2|0x00000000a1200000, 0x00000000a1300000, 0x00000000a1300000|100%| O|  |TAMS 0x00000000a1200000, 0x00000000a1200000| Untracked 
|   3|0x00000000a1300000, 0x00000000a1400000, 0x00000000a1400000|100%| O|  |TAMS 0x00000000a1300000, 0x00000000a1300000| Untracked 
|   4|0x00000000a1400000, 0x00000000a1460600, 0x00000000a1500000| 37%| O|  |TAMS 0x00000000a1400000, 0x00000000a1400000| Untracked 
|   5|0x00000000a1500000, 0x00000000a1500000, 0x00000000a1600000|  0%| F|  |TAMS 0x00000000a1500000, 0x00000000a1500000| Untracked 
|   6|0x00000000a1600000, 0x00000000a1600000, 0x00000000a1700000|  0%| F|  |TAMS 0x00000000a1600000, 0x00000000a1600000| Untracked 
|   7|0x00000000a1700000, 0x00000000a1700000, 0x00000000a1800000|  0%| F|  |TAMS 0x00000000a1700000, 0x00000000a1700000| Untracked 
|   8|0x00000000a1800000, 0x00000000a1800000, 0x00000000a1900000|  0%| F|  |TAMS 0x00000000a1800000, 0x00000000a1800000| Untracked 
|   9|0x00000000a1900000, 0x00000000a1900000, 0x00000000a1a00000|  0%| F|  |TAMS 0x00000000a1900000, 0x00000000a1900000| Untracked 
|  10|0x00000000a1a00000, 0x00000000a1a00000, 0x00000000a1b00000|  0%| F|  |TAMS 0x00000000a1a00000, 0x00000000a1a00000| Untracked 
|  11|0x00000000a1b00000, 0x00000000a1b00000, 0x00000000a1c00000|  0%| F|  |TAMS 0x00000000a1b00000, 0x00000000a1b00000| Untracked 
|  12|0x00000000a1c00000, 0x00000000a1c00000, 0x00000000a1d00000|  0%| F|  |TAMS 0x00000000a1c00000, 0x00000000a1c00000| Untracked 
|  13|0x00000000a1d00000, 0x00000000a1d00000, 0x00000000a1e00000|  0%| F|  |TAMS 0x00000000a1d00000, 0x00000000a1d00000| Untracked 
|  14|0x00000000a1e00000, 0x00000000a1e00000, 0x00000000a1f00000|  0%| F|  |TAMS 0x00000000a1e00000, 0x00000000a1e00000| Untracked 
|  15|0x00000000a1f00000, 0x00000000a1f00000, 0x00000000a2000000|  0%| F|  |TAMS 0x00000000a1f00000, 0x00000000a1f00000| Untracked 
|  16|0x00000000a2000000, 0x00000000a2000000, 0x00000000a2100000|  0%| F|  |TAMS 0x00000000a2000000, 0x00000000a2000000| Untracked 
|  17|0x00000000a2100000, 0x00000000a2100000, 0x00000000a2200000|  0%| F|  |TAMS 0x00000000a2100000, 0x00000000a2100000| Untracked 
|  18|0x00000000a2200000, 0x00000000a2200000, 0x00000000a2300000|  0%| F|  |TAMS 0x00000000a2200000, 0x00000000a2200000| Untracked 
|  19|0x00000000a2300000, 0x00000000a2300000, 0x00000000a2400000|  0%| F|  |TAMS 0x00000000a2300000, 0x00000000a2300000| Untracked 
|  20|0x00000000a2400000, 0x00000000a2400000, 0x00000000a2500000|  0%| F|  |TAMS 0x00000000a2400000, 0x00000000a2400000| Untracked 
|  21|0x00000000a2500000, 0x00000000a2500000, 0x00000000a2600000|  0%| F|  |TAMS 0x00000000a2500000, 0x00000000a2500000| Untracked 
|  22|0x00000000a2600000, 0x00000000a2600000, 0x00000000a2700000|  0%| F|  |TAMS 0x00000000a2600000, 0x00000000a2600000| Untracked 
|  23|0x00000000a2700000, 0x00000000a2700000, 0x00000000a2800000|  0%| F|  |TAMS 0x00000000a2700000, 0x00000000a2700000| Untracked 
|  24|0x00000000a2800000, 0x00000000a2800000, 0x00000000a2900000|  0%| F|  |TAMS 0x00000000a2800000, 0x00000000a2800000| Untracked 
|  25|0x00000000a2900000, 0x00000000a2900000, 0x00000000a2a00000|  0%| F|  |TAMS 0x00000000a2900000, 0x00000000a2900000| Untracked 
|  26|0x00000000a2a00000, 0x00000000a2a00000, 0x00000000a2b00000|  0%| F|  |TAMS 0x00000000a2a00000, 0x00000000a2a00000| Untracked 
|  27|0x00000000a2b00000, 0x00000000a2b00000, 0x00000000a2c00000|  0%| F|  |TAMS 0x00000000a2b00000, 0x00000000a2b00000| Untracked 
|  28|0x00000000a2c00000, 0x00000000a2c00000, 0x00000000a2d00000|  0%| F|  |TAMS 0x00000000a2c00000, 0x00000000a2c00000| Untracked 
|  29|0x00000000a2d00000, 0x00000000a2d00000, 0x00000000a2e00000|  0%| F|  |TAMS 0x00000000a2d00000, 0x00000000a2d00000| Untracked 
|  30|0x00000000a2e00000, 0x00000000a2e00000, 0x00000000a2f00000|  0%| F|  |TAMS 0x00000000a2e00000, 0x00000000a2e00000| Untracked 
|  31|0x00000000a2f00000, 0x00000000a2f00000, 0x00000000a3000000|  0%| F|  |TAMS 0x00000000a2f00000, 0x00000000a2f00000| Untracked 
|  32|0x00000000a3000000, 0x00000000a3000000, 0x00000000a3100000|  0%| F|  |TAMS 0x00000000a3000000, 0x00000000a3000000| Untracked 
|  33|0x00000000a3100000, 0x00000000a3100000, 0x00000000a3200000|  0%| F|  |TAMS 0x00000000a3100000, 0x00000000a3100000| Untracked 
|  34|0x00000000a3200000, 0x00000000a3200000, 0x00000000a3300000|  0%| F|  |TAMS 0x00000000a3200000, 0x00000000a3200000| Untracked 
|  35|0x00000000a3300000, 0x00000000a3300000, 0x00000000a3400000|  0%| F|  |TAMS 0x00000000a3300000, 0x00000000a3300000| Untracked 
|  36|0x00000000a3400000, 0x00000000a3400000, 0x00000000a3500000|  0%| F|  |TAMS 0x00000000a3400000, 0x00000000a3400000| Untracked 
|  37|0x00000000a3500000, 0x00000000a3500000, 0x00000000a3600000|  0%| F|  |TAMS 0x00000000a3500000, 0x00000000a3500000| Untracked 
|  38|0x00000000a3600000, 0x00000000a3600000, 0x00000000a3700000|  0%| F|  |TAMS 0x00000000a3600000, 0x00000000a3600000| Untracked 
|  39|0x00000000a3700000, 0x00000000a3700000, 0x00000000a3800000|  0%| F|  |TAMS 0x00000000a3700000, 0x00000000a3700000| Untracked 
|  40|0x00000000a3800000, 0x00000000a3800000, 0x00000000a3900000|  0%| F|  |TAMS 0x00000000a3800000, 0x00000000a3800000| Untracked 
|  41|0x00000000a3900000, 0x00000000a3900000, 0x00000000a3a00000|  0%| F|  |TAMS 0x00000000a3900000, 0x00000000a3900000| Untracked 
|  42|0x00000000a3a00000, 0x00000000a3a00000, 0x00000000a3b00000|  0%| F|  |TAMS 0x00000000a3a00000, 0x00000000a3a00000| Untracked 
|  43|0x00000000a3b00000, 0x00000000a3b00000, 0x00000000a3c00000|  0%| F|  |TAMS 0x00000000a3b00000, 0x00000000a3b00000| Untracked 
|  44|0x00000000a3c00000, 0x00000000a3c00000, 0x00000000a3d00000|  0%| F|  |TAMS 0x00000000a3c00000, 0x00000000a3c00000| Untracked 
|  45|0x00000000a3d00000, 0x00000000a3d00000, 0x00000000a3e00000|  0%| F|  |TAMS 0x00000000a3d00000, 0x00000000a3d00000| Untracked 
|  46|0x00000000a3e00000, 0x00000000a3e00000, 0x00000000a3f00000|  0%| F|  |TAMS 0x00000000a3e00000, 0x00000000a3e00000| Untracked 
|  47|0x00000000a3f00000, 0x00000000a3f00000, 0x00000000a4000000|  0%| F|  |TAMS 0x00000000a3f00000, 0x00000000a3f00000| Untracked 
|  48|0x00000000a4000000, 0x00000000a4000000, 0x00000000a4100000|  0%| F|  |TAMS 0x00000000a4000000, 0x00000000a4000000| Untracked 
|  49|0x00000000a4100000, 0x00000000a4100000, 0x00000000a4200000|  0%| F|  |TAMS 0x00000000a4100000, 0x00000000a4100000| Untracked 
|  50|0x00000000a4200000, 0x00000000a4200000, 0x00000000a4300000|  0%| F|  |TAMS 0x00000000a4200000, 0x00000000a4200000| Untracked 
|  51|0x00000000a4300000, 0x00000000a4300000, 0x00000000a4400000|  0%| F|  |TAMS 0x00000000a4300000, 0x00000000a4300000| Untracked 
|  52|0x00000000a4400000, 0x00000000a4400000, 0x00000000a4500000|  0%| F|  |TAMS 0x00000000a4400000, 0x00000000a4400000| Untracked 
|  53|0x00000000a4500000, 0x00000000a4500000, 0x00000000a4600000|  0%| F|  |TAMS 0x00000000a4500000, 0x00000000a4500000| Untracked 
|  54|0x00000000a4600000, 0x00000000a4600000, 0x00000000a4700000|  0%| F|  |TAMS 0x00000000a4600000, 0x00000000a4600000| Untracked 
|  55|0x00000000a4700000, 0x00000000a4700000, 0x00000000a4800000|  0%| F|  |TAMS 0x00000000a4700000, 0x00000000a4700000| Untracked 
|  56|0x00000000a4800000, 0x00000000a4800000, 0x00000000a4900000|  0%| F|  |TAMS 0x00000000a4800000, 0x00000000a4800000| Untracked 
|  57|0x00000000a4900000, 0x00000000a4900000, 0x00000000a4a00000|  0%| F|  |TAMS 0x00000000a4900000, 0x00000000a4900000| Untracked 
|  58|0x00000000a4a00000, 0x00000000a4a00000, 0x00000000a4b00000|  0%| F|  |TAMS 0x00000000a4a00000, 0x00000000a4a00000| Untracked 
|  59|0x00000000a4b00000, 0x00000000a4b00000, 0x00000000a4c00000|  0%| F|  |TAMS 0x00000000a4b00000, 0x00000000a4b00000| Untracked 
|  60|0x00000000a4c00000, 0x00000000a4c00000, 0x00000000a4d00000|  0%| F|  |TAMS 0x00000000a4c00000, 0x00000000a4c00000| Untracked 
|  61|0x00000000a4d00000, 0x00000000a4d00000, 0x00000000a4e00000|  0%| F|  |TAMS 0x00000000a4d00000, 0x00000000a4d00000| Untracked 
|  62|0x00000000a4e00000, 0x00000000a4e00000, 0x00000000a4f00000|  0%| F|  |TAMS 0x00000000a4e00000, 0x00000000a4e00000| Untracked 
|  63|0x00000000a4f00000, 0x00000000a4f00000, 0x00000000a5000000|  0%| F|  |TAMS 0x00000000a4f00000, 0x00000000a4f00000| Untracked 
|  64|0x00000000a5000000, 0x00000000a5000000, 0x00000000a5100000|  0%| F|  |TAMS 0x00000000a5000000, 0x00000000a5000000| Untracked 
|  65|0x00000000a5100000, 0x00000000a5100000, 0x00000000a5200000|  0%| F|  |TAMS 0x00000000a5100000, 0x00000000a5100000| Untracked 
|  66|0x00000000a5200000, 0x00000000a5200000, 0x00000000a5300000|  0%| F|  |TAMS 0x00000000a5200000, 0x00000000a5200000| Untracked 
|  67|0x00000000a5300000, 0x00000000a5300000, 0x00000000a5400000|  0%| F|  |TAMS 0x00000000a5300000, 0x00000000a5300000| Untracked 
|  68|0x00000000a5400000, 0x00000000a5400000, 0x00000000a5500000|  0%| F|  |TAMS 0x00000000a5400000, 0x00000000a5400000| Untracked 
|  69|0x00000000a5500000, 0x00000000a5500000, 0x00000000a5600000|  0%| F|  |TAMS 0x00000000a5500000, 0x00000000a5500000| Untracked 
|  70|0x00000000a5600000, 0x00000000a5600000, 0x00000000a5700000|  0%| F|  |TAMS 0x00000000a5600000, 0x00000000a5600000| Untracked 
|  71|0x00000000a5700000, 0x00000000a5700000, 0x00000000a5800000|  0%| F|  |TAMS 0x00000000a5700000, 0x00000000a5700000| Untracked 
|  72|0x00000000a5800000, 0x00000000a5800000, 0x00000000a5900000|  0%| F|  |TAMS 0x00000000a5800000, 0x00000000a5800000| Untracked 
|  73|0x00000000a5900000, 0x00000000a5900000, 0x00000000a5a00000|  0%| F|  |TAMS 0x00000000a5900000, 0x00000000a5900000| Untracked 
|  74|0x00000000a5a00000, 0x00000000a5a00000, 0x00000000a5b00000|  0%| F|  |TAMS 0x00000000a5a00000, 0x00000000a5a00000| Untracked 
|  75|0x00000000a5b00000, 0x00000000a5b00000, 0x00000000a5c00000|  0%| F|  |TAMS 0x00000000a5b00000, 0x00000000a5b00000| Untracked 
|  76|0x00000000a5c00000, 0x00000000a5c00000, 0x00000000a5d00000|  0%| F|  |TAMS 0x00000000a5c00000, 0x00000000a5c00000| Untracked 
|  77|0x00000000a5d00000, 0x00000000a5d00000, 0x00000000a5e00000|  0%| F|  |TAMS 0x00000000a5d00000, 0x00000000a5d00000| Untracked 
|  78|0x00000000a5e00000, 0x00000000a5e00000, 0x00000000a5f00000|  0%| F|  |TAMS 0x00000000a5e00000, 0x00000000a5e00000| Untracked 
|  79|0x00000000a5f00000, 0x00000000a5f00000, 0x00000000a6000000|  0%| F|  |TAMS 0x00000000a5f00000, 0x00000000a5f00000| Untracked 
|  80|0x00000000a6000000, 0x00000000a6000000, 0x00000000a6100000|  0%| F|  |TAMS 0x00000000a6000000, 0x00000000a6000000| Untracked 
|  81|0x00000000a6100000, 0x00000000a6100000, 0x00000000a6200000|  0%| F|  |TAMS 0x00000000a6100000, 0x00000000a6100000| Untracked 
|  82|0x00000000a6200000, 0x00000000a6200000, 0x00000000a6300000|  0%| F|  |TAMS 0x00000000a6200000, 0x00000000a6200000| Untracked 
|  83|0x00000000a6300000, 0x00000000a6300000, 0x00000000a6400000|  0%| F|  |TAMS 0x00000000a6300000, 0x00000000a6300000| Untracked 
|  84|0x00000000a6400000, 0x00000000a6400000, 0x00000000a6500000|  0%| F|  |TAMS 0x00000000a6400000, 0x00000000a6400000| Untracked 
|  85|0x00000000a6500000, 0x00000000a6600000, 0x00000000a6600000|100%| S|CS|TAMS 0x00000000a6500000, 0x00000000a6500000| Complete 
|  86|0x00000000a6600000, 0x00000000a6700000, 0x00000000a6700000|100%| S|CS|TAMS 0x00000000a6600000, 0x00000000a6600000| Complete 
|  87|0x00000000a6700000, 0x00000000a6700000, 0x00000000a6800000|  0%| F|  |TAMS 0x00000000a6700000, 0x00000000a6700000| Untracked 
|  88|0x00000000a6800000, 0x00000000a6800000, 0x00000000a6900000|  0%| F|  |TAMS 0x00000000a6800000, 0x00000000a6800000| Untracked 
|  89|0x00000000a6900000, 0x00000000a6900000, 0x00000000a6a00000|  0%| F|  |TAMS 0x00000000a6900000, 0x00000000a6900000| Untracked 
|  90|0x00000000a6a00000, 0x00000000a6a00000, 0x00000000a6b00000|  0%| F|  |TAMS 0x00000000a6a00000, 0x00000000a6a00000| Untracked 
|  91|0x00000000a6b00000, 0x00000000a6b00000, 0x00000000a6c00000|  0%| F|  |TAMS 0x00000000a6b00000, 0x00000000a6b00000| Untracked 
|  92|0x00000000a6c00000, 0x00000000a6c00000, 0x00000000a6d00000|  0%| F|  |TAMS 0x00000000a6c00000, 0x00000000a6c00000| Untracked 
|  93|0x00000000a6d00000, 0x00000000a6d00800, 0x00000000a6e00000|  0%| E|  |TAMS 0x00000000a6d00000, 0x00000000a6d00000| Complete 
|  94|0x00000000a6e00000, 0x00000000a6f00000, 0x00000000a6f00000|100%| E|CS|TAMS 0x00000000a6e00000, 0x00000000a6e00000| Complete 
|  95|0x00000000a6f00000, 0x00000000a7000000, 0x00000000a7000000|100%| E|CS|TAMS 0x00000000a6f00000, 0x00000000a6f00000| Complete 

Card table byte_map: [0x00000246bdaa0000,0x00000246bdda0000] _byte_map_base: 0x00000246bd598000

Marking Bits (Prev, Next): (CMBitMap*) 0x00000246a6f5a1f0, (CMBitMap*) 0x00000246a6f5a230
 Prev Bits: [0x00000246be0a0000, 0x00000246bf860000)
 Next Bits: [0x00000246bf860000, 0x00000246c1020000)

Polling page: 0x00000246a4e60000

Metaspace:

Usage:
  Non-class:     14.01 MB used.
      Class:      1.79 MB used.
       Both:     15.79 MB used.

Virtual space:
  Non-class space:       16.00 MB reserved,      14.12 MB ( 88%) committed,  2 nodes.
      Class space:        1.00 GB reserved,       1.88 MB ( <1%) committed,  1 nodes.
             Both:        1.02 GB reserved,      16.00 MB (  2%) committed. 

Chunk freelists:
   Non-Class:  1023.00 KB
       Class:  2.08 MB
        Both:  3.08 MB

MaxMetaspaceSize: unlimited
CompressedClassSpaceSize: 1.00 GB
Initial GC threshold: 21.00 MB
Current GC threshold: 21.00 MB
CDS: on
MetaspaceReclaimPolicy: balanced
 - commit_granule_bytes: 65536.
 - commit_granule_words: 8192.
 - virtual_space_node_default_size: 1048576.
 - enlarge_chunks_in_place: 1.
 - new_chunks_are_fully_committed: 0.
 - uncommit_free_chunks: 1.
 - use_allocation_guard: 0.
 - handle_deallocations: 1.


Internal statistics:

num_allocs_failed_limit: 0.
num_arena_births: 134.
num_arena_deaths: 0.
num_vsnodes_births: 3.
num_vsnodes_deaths: 0.
num_space_committed: 256.
num_space_uncommitted: 0.
num_chunks_returned_to_freelist: 0.
num_chunks_taken_from_freelist: 317.
num_chunk_merges: 0.
num_chunk_splits: 184.
num_chunks_enlarged: 104.
num_purges: 0.
num_inconsistent_stats: 0.

CodeHeap 'non-profiled nmethods': size=120000Kb used=815Kb max_used=815Kb free=119184Kb
 bounds [0x00000246b6270000, 0x00000246b64e0000, 0x00000246bd7a0000]
CodeHeap 'profiled nmethods': size=120000Kb used=5158Kb max_used=5158Kb free=114841Kb
 bounds [0x00000246ae7a0000, 0x00000246aecb0000, 0x00000246b5cd0000]
CodeHeap 'non-nmethods': size=5760Kb used=1369Kb max_used=1395Kb free=4390Kb
 bounds [0x00000246b5cd0000, 0x00000246b5f40000, 0x00000246b6270000]
 total_blobs=3279 nmethods=2558 adapters=631
 compilation: enabled
              stopped_count=0, restarted_count=0
 full_count=0

Compilation events (20 events):
Event: 8.799 Thread 0x00000246c34d2200 2510       3       javax.swing.table.DefaultTableModel::getRowCount (8 bytes)
Event: 8.799 Thread 0x00000246c34d2200 nmethod 2510 0x00000246aec87590 code [0x00000246aec87720, 0x00000246aec87938]
Event: 8.799 Thread 0x00000246c34d2200 2509       3       java.util.Vector::add (23 bytes)
Event: 8.799 Thread 0x00000246c34d2200 nmethod 2509 0x00000246aec87a10 code [0x00000246aec87be0, 0x00000246aec87fa8]
Event: 8.800 Thread 0x00000246c34d2200 2511       1       java.util.Collections$EmptyList::contains (2 bytes)
Event: 8.800 Thread 0x00000246c34d2200 nmethod 2511 0x00000246b6337f90 code [0x00000246b6338120, 0x00000246b63381f8]
Event: 8.800 Thread 0x00000246c34d2200 2513       3       com.mysql.cj.protocol.a.NativePacketPayload::writeInteger (745 bytes)
Event: 8.801 Thread 0x00000246c34d2200 nmethod 2513 0x00000246aec88110 code [0x00000246aec88420, 0x00000246aec89368]
Event: 8.801 Thread 0x00000246c34d2200 2512       3       com.mysql.cj.protocol.a.NativePacketPayload::<init> (37 bytes)
Event: 8.801 Thread 0x00000246c34d2200 nmethod 2512 0x00000246aec89990 code [0x00000246aec89b40, 0x00000246aec89f18]
Event: 8.801 Thread 0x00000246c34d2200 2514       1       com.mysql.cj.result.Field::getCollationIndex (5 bytes)
Event: 8.801 Thread 0x00000246c34d2200 nmethod 2514 0x00000246b6338290 code [0x00000246b6338420, 0x00000246b63384f8]
Event: 8.801 Thread 0x00000246c34d2200 2516       3       com.mysql.cj.util.StringUtils::isCharAtPosNotEqualIgnoreCase (30 bytes)
Event: 8.802 Thread 0x00000246c34d2200 nmethod 2516 0x00000246aec8a090 code [0x00000246aec8a340, 0x00000246aec8b158]
Event: 8.802 Thread 0x00000246c34d2200 2515       1       com.mysql.cj.result.Field::getEncoding (5 bytes)
Event: 8.802 Thread 0x00000246c34d2200 nmethod 2515 0x00000246b6338590 code [0x00000246b6338720, 0x00000246b63387f8]
Event: 8.802 Thread 0x00000246c34d2200 2517       1       com.mysql.cj.protocol.a.NativeProtocol::getPacketReader (5 bytes)
Event: 8.802 Thread 0x00000246c34d2200 nmethod 2517 0x00000246b6338890 code [0x00000246b6338a20, 0x00000246b6338af8]
Event: 8.802 Thread 0x00000246c34d2200 2518       1       com.mysql.cj.conf.AbstractRuntimeProperty::getInitialValue (5 bytes)
Event: 8.802 Thread 0x00000246c34d2200 nmethod 2518 0x00000246b6338b90 code [0x00000246b6338d20, 0x00000246b6338df8]

GC Heap History (4 events):
Event: 0.804 GC heap before
{Heap before GC invocations=0 (full 0):
 garbage-first heap   total 98304K, used 12288K [0x00000000a1000000, 0x0000000100000000)
  region size 1024K, 13 young (13312K), 0 survivors (0K)
 Metaspace       used 12410K, committed 12608K, reserved 1064960K
  class space    used 1496K, committed 1600K, reserved 1048576K
}
Event: 0.808 GC heap after
{Heap after GC invocations=1 (full 0):
 garbage-first heap   total 98304K, used 4136K [0x00000000a1000000, 0x0000000100000000)
  region size 1024K, 2 young (2048K), 2 survivors (2048K)
 Metaspace       used 12410K, committed 12608K, reserved 1064960K
  class space    used 1496K, committed 1600K, reserved 1048576K
}
Event: 8.769 GC heap before
{Heap before GC invocations=1 (full 0):
 garbage-first heap   total 98304K, used 13352K [0x00000000a1000000, 0x0000000100000000)
  region size 1024K, 11 young (11264K), 2 survivors (2048K)
 Metaspace       used 16082K, committed 16256K, reserved 1064960K
  class space    used 1829K, committed 1920K, reserved 1048576K
}
Event: 8.773 GC heap after
{Heap after GC invocations=2 (full 0):
 garbage-first heap   total 98304K, used 6529K [0x00000000a1000000, 0x0000000100000000)
  region size 1024K, 2 young (2048K), 2 survivors (2048K)
 Metaspace       used 16082K, committed 16256K, reserved 1064960K
  class space    used 1829K, committed 1920K, reserved 1048576K
}

Deoptimization events (20 events):
Event: 0.855 Thread 0x00000246c34a3880 DEOPT PACKING pc=0x00000246ae93c856 sp=0x000000ac747fd2b0
Event: 0.855 Thread 0x00000246c34a3880 DEOPT UNPACKING pc=0x00000246b5d22b43 sp=0x000000ac747fc738 mode 0
Event: 0.946 Thread 0x00000246c34a3880 DEOPT PACKING pc=0x00000246ae95efb1 sp=0x000000ac747fda90
Event: 0.946 Thread 0x00000246c34a3880 DEOPT UNPACKING pc=0x00000246b5d22b43 sp=0x000000ac747fcf88 mode 0
Event: 1.094 Thread 0x00000246c34a3880 DEOPT PACKING pc=0x00000246aea3f762 sp=0x000000ac747fdb20
Event: 1.094 Thread 0x00000246c34a3880 DEOPT UNPACKING pc=0x00000246b5d22b43 sp=0x000000ac747fcfb0 mode 3
Event: 1.134 Thread 0x00000246c34a3880 DEOPT PACKING pc=0x00000246aea39d89 sp=0x000000ac747fc700
Event: 1.135 Thread 0x00000246c34a3880 DEOPT UNPACKING pc=0x00000246b5d22b43 sp=0x000000ac747fba88 mode 0
Event: 1.259 Thread 0x00000246c34a3880 DEOPT PACKING pc=0x00000246aea29231 sp=0x000000ac747fecb0
Event: 1.259 Thread 0x00000246c34a3880 DEOPT UNPACKING pc=0x00000246b5d22b43 sp=0x000000ac747fe108 mode 3
Event: 2.117 Thread 0x00000246c34a3880 DEOPT PACKING pc=0x00000246aea7cc0e sp=0x000000ac747fd2c0
Event: 2.118 Thread 0x00000246c34a3880 DEOPT UNPACKING pc=0x00000246b5d22b43 sp=0x000000ac747fc650 mode 0
Event: 2.138 Thread 0x00000246c34a3880 DEOPT PACKING pc=0x00000246aea63577 sp=0x000000ac747fd2b0
Event: 2.138 Thread 0x00000246c34a3880 DEOPT UNPACKING pc=0x00000246b5d22b43 sp=0x000000ac747fc6d0 mode 0
Event: 2.324 Thread 0x00000246c34a3880 Uncommon trap: trap_request=0xffffff45 fr.pc=0x00000246b62f9eb0 relative=0x0000000000000ed0
Event: 2.324 Thread 0x00000246c34a3880 Uncommon trap: reason=unstable_if action=reinterpret pc=0x00000246b62f9eb0 method=sun.java2d.marlin.MarlinCache.copyAARowRLE_WithBlockFlags([I[IIII)V @ 661 c2
Event: 2.324 Thread 0x00000246c34a3880 DEOPT PACKING pc=0x00000246b62f9eb0 sp=0x000000ac747fce40
Event: 2.324 Thread 0x00000246c34a3880 DEOPT UNPACKING pc=0x00000246b5d223a3 sp=0x000000ac747fcd30 mode 2
Event: 5.380 Thread 0x00000246c34a3880 DEOPT PACKING pc=0x00000246aeacacf3 sp=0x000000ac747fd0e0
Event: 5.380 Thread 0x00000246c34a3880 DEOPT UNPACKING pc=0x00000246b5d22b43 sp=0x000000ac747fc4c0 mode 0

Classes unloaded (0 events):
No events

Classes redefined (0 events):
No events

Internal exceptions (20 events):
Event: 0.329 Thread 0x00000246a6f0c020 Exception <a 'java/lang/ClassNotFoundException'{0x00000000a6aa03c0}: ToolBar> (0x00000000a6aa03c0) 
thrown [s\open\src\hotspot\share\classfile\systemDictionary.cpp, line 256]
Event: 0.329 Thread 0x00000246a6f0c020 Exception <a 'java/lang/ClassNotFoundException'{0x00000000a6aa0730}: ToggleButton> (0x00000000a6aa0730) 
thrown [s\open\src\hotspot\share\classfile\systemDictionary.cpp, line 256]
Event: 0.329 Thread 0x00000246a6f0c020 Exception <a 'java/lang/ClassNotFoundException'{0x00000000a6aa0b70}: javax/swing/JToolBarSeparator> (0x00000000a6aa0b70) 
thrown [s\open\src\hotspot\share\classfile\systemDictionary.cpp, line 256]
Event: 0.329 Thread 0x00000246a6f0c020 Exception <a 'java/lang/ClassNotFoundException'{0x00000000a6aa0e78}: ToolBarSeparator> (0x00000000a6aa0e78) 
thrown [s\open\src\hotspot\share\classfile\systemDictionary.cpp, line 256]
Event: 0.329 Thread 0x00000246a6f0c020 Exception <a 'java/lang/ClassNotFoundException'{0x00000000a6aa1390}: ToolTip> (0x00000000a6aa1390) 
thrown [s\open\src\hotspot\share\classfile\systemDictionary.cpp, line 256]
Event: 0.330 Thread 0x00000246a6f0c020 Exception <a 'java/lang/ClassNotFoundException'{0x00000000a6aa1ce0}: Tree> (0x00000000a6aa1ce0) 
thrown [s\open\src\hotspot\share\classfile\systemDictionary.cpp, line 256]
Event: 0.330 Thread 0x00000246a6f0c020 Exception <a 'java/lang/ClassNotFoundException'{0x00000000a6aa21d8}: Tree> (0x00000000a6aa21d8) 
thrown [s\open\src\hotspot\share\classfile\systemDictionary.cpp, line 256]
Event: 0.330 Thread 0x00000246a6f0c020 Exception <a 'java/lang/ClassNotFoundException'{0x00000000a6aa2548}: javax/swing/JTreeCell> (0x00000000a6aa2548) 
thrown [s\open\src\hotspot\share\classfile\systemDictionary.cpp, line 256]
Event: 0.330 Thread 0x00000246a6f0c020 Exception <a 'java/lang/ClassNotFoundException'{0x00000000a6aa2848}: TreeCell> (0x00000000a6aa2848) 
thrown [s\open\src\hotspot\share\classfile\systemDictionary.cpp, line 256]
Event: 0.331 Thread 0x00000246a6f0c020 Exception <a 'java/lang/ClassNotFoundException'{0x00000000a6aa3008}: RootPane> (0x00000000a6aa3008) 
thrown [s\open\src\hotspot\share\classfile\systemDictionary.cpp, line 256]
Event: 0.333 Thread 0x00000246a6f0c020 Exception <a 'java/lang/ClassNotFoundException'{0x00000000a6aa5df0}: com/sun/swing/internal/plaf/metal/resources/spi/metalProvider> (0x00000000a6aa5df0) 
thrown [s\open\src\hotspot\share\classfile\systemDictionary.cpp, line 256]
Event: 0.333 Thread 0x00000246a6f0c020 Exception <a 'java/lang/ClassNotFoundException'{0x00000000a6aa9950}: com/sun/swing/internal/plaf/basic/resources/spi/basicProvider> (0x00000000a6aa9950) 
thrown [s\open\src\hotspot\share\classfile\systemDictionary.cpp, line 256]
Event: 0.432 Thread 0x00000246c34a3880 Exception <a 'java/lang/ClassNotFoundException'{0x00000000a695a190}: com/sun/swing/internal/plaf/synth/resources/spi/synthProvider> (0x00000000a695a190) 
thrown [s\open\src\hotspot\share\classfile\systemDictionary.cpp, line 256]
Event: 0.603 Thread 0x00000246c34a5560 Exception <a 'java/lang/NoSuchMethodError'{0x00000000a6b0f970}: 'void java.lang.invoke.DirectMethodHandle$Holder.invokeVirtual(java.lang.Object, java.lang.Object)'> (0x00000000a6b0f970) 
thrown [s\open\src\hotspot\share\interpreter\linkResolver.cpp, line 759]
Event: 0.618 Thread 0x00000246c34a3880 Exception <a 'java/lang/NoSuchMethodError'{0x00000000a68d9bd8}: 'void java.lang.invoke.DirectMethodHandle$Holder.invokeStaticInit(java.lang.Object)'> (0x00000000a68d9bd8) 
thrown [s\open\src\hotspot\share\interpreter\linkResolver.cpp, line 759]
Event: 0.713 Thread 0x00000246c34a3880 Exception <a 'java/lang/NoSuchMethodError'{0x00000000a66695e8}: 'java.lang.Object java.lang.invoke.DirectMethodHandle$Holder.invokeInterface(java.lang.Object, java.lang.Object)'> (0x00000000a66695e8) 
thrown [s\open\src\hotspot\share\interpreter\linkResolver.cpp, line 759]
Event: 0.734 Thread 0x00000246c34a3880 Exception <a 'java/lang/NoSuchMethodError'{0x00000000a66eadd0}: 'void java.lang.invoke.DirectMethodHandle$Holder.invokeStatic(java.lang.Object, java.lang.Object, java.lang.Object)'> (0x00000000a66eadd0) 
thrown [s\open\src\hotspot\share\interpreter\linkResolver.cpp, line 759]
Event: 0.736 Thread 0x00000246c34a3880 Exception <a 'java/lang/NoSuchMethodError'{0x00000000a66f4ca0}: 'java.lang.Object java.lang.invoke.DirectMethodHandle$Holder.invokeVirtual(java.lang.Object, java.lang.Object, java.lang.Object)'> (0x00000000a66f4ca0) 
thrown [s\open\src\hotspot\share\interpreter\linkResolver.cpp, line 759]
Event: 0.810 Thread 0x00000246c34a3880 Exception <a 'java/lang/NoSuchMethodError'{0x00000000a6f01650}: 'void java.lang.invoke.DirectMethodHandle$Holder.invokeStatic(java.lang.Object, java.lang.Object)'> (0x00000000a6f01650) 
thrown [s\open\src\hotspot\share\interpreter\linkResolver.cpp, line 759]
Event: 0.947 Thread 0x00000246c34a3880 Exception <a 'java/lang/NoSuchMethodError'{0x00000000a6b5aa50}: 'void java.lang.invoke.DirectMethodHandle$Holder.invokeStaticInit(java.lang.Object, java.lang.Object)'> (0x00000000a6b5aa50) 
thrown [s\open\src\hotspot\share\interpreter\linkResolver.cpp, line 759]

VM Operations (20 events):
Event: 0.804 Executing VM operation: G1CollectForAllocation
Event: 0.808 Executing VM operation: G1CollectForAllocation done
Event: 1.000 Executing VM operation: HandshakeAllThreads
Event: 1.000 Executing VM operation: HandshakeAllThreads done
Event: 1.091 Executing VM operation: HandshakeAllThreads
Event: 1.092 Executing VM operation: HandshakeAllThreads done
Event: 1.141 Executing VM operation: HandshakeAllThreads
Event: 1.141 Executing VM operation: HandshakeAllThreads done
Event: 2.133 Executing VM operation: Cleanup
Event: 2.134 Executing VM operation: Cleanup done
Event: 3.147 Executing VM operation: Cleanup
Event: 3.147 Executing VM operation: Cleanup done
Event: 4.153 Executing VM operation: Cleanup
Event: 4.153 Executing VM operation: Cleanup done
Event: 5.161 Executing VM operation: Cleanup
Event: 5.162 Executing VM operation: Cleanup done
Event: 6.176 Executing VM operation: Cleanup
Event: 6.176 Executing VM operation: Cleanup done
Event: 8.769 Executing VM operation: G1CollectForAllocation
Event: 8.773 Executing VM operation: G1CollectForAllocation done

Events (20 events):
Event: 5.751 loading class sun/java2d/loops/ProcessPath$1 done
Event: 5.751 loading class sun/java2d/loops/ProcessPath$FillProcessHandler
Event: 5.751 loading class sun/java2d/loops/ProcessPath$ProcessHandler
Event: 5.751 loading class sun/java2d/loops/ProcessPath$ProcessHandler done
Event: 5.751 loading class sun/java2d/loops/ProcessPath$FillProcessHandler done
Event: 5.751 loading class sun/java2d/loops/ProcessPath$FillData
Event: 5.751 loading class sun/java2d/loops/ProcessPath$FillData done
Event: 5.751 loading class sun/java2d/loops/ProcessPath$Point
Event: 5.751 loading class sun/java2d/loops/ProcessPath$Point done
Event: 5.751 loading class sun/java2d/loops/ProcessPath$ActiveEdgeList
Event: 5.751 loading class sun/java2d/loops/ProcessPath$ActiveEdgeList done
Event: 5.751 loading class sun/java2d/loops/ProcessPath$Edge
Event: 5.751 loading class sun/java2d/loops/ProcessPath$Edge done
Event: 5.754 loading class sun/awt/UngrabEvent
Event: 5.755 loading class sun/awt/UngrabEvent done
Event: 8.613 loading class javax/swing/plaf/basic/BasicPopupMenuUI$MouseGrabber$2
Event: 8.614 loading class javax/swing/plaf/basic/BasicPopupMenuUI$MouseGrabber$2 done
Event: 8.774 Thread 0x00000246caa47380 Thread added: 0x00000246caa47380
Event: 8.799 loading class jdk/internal/reflect/BootstrapConstructorAccessorImpl
Event: 8.799 loading class jdk/internal/reflect/BootstrapConstructorAccessorImpl done


Dynamic libraries:
0x00007ff733d20000 - 0x00007ff733d30000 	S:\Program Files\Java\jdk-17\bin\java.exe
0x00007ff9215f0000 - 0x00007ff9217e6000 	C:\Windows\SYSTEM32\ntdll.dll
0x00007ff921460000 - 0x00007ff92151d000 	C:\Windows\System32\KERNEL32.DLL
0x00007ff91eed0000 - 0x00007ff91f198000 	C:\Windows\System32\KERNELBASE.dll
0x00007ff91edd0000 - 0x00007ff91eed0000 	C:\Windows\System32\ucrtbase.dll
0x00007ff91a240000 - 0x00007ff91a25b000 	S:\Program Files\Java\jdk-17\bin\VCRUNTIME140.dll
0x00007ff903be0000 - 0x00007ff903bf9000 	S:\Program Files\Java\jdk-17\bin\jli.dll
0x00007ff920b40000 - 0x00007ff920bec000 	C:\Windows\System32\ADVAPI32.dll
0x00007ff920290000 - 0x00007ff92032e000 	C:\Windows\System32\msvcrt.dll
0x00007ff920330000 - 0x00007ff9203cb000 	C:\Windows\System32\sechost.dll
0x00007ff920990000 - 0x00007ff920ab4000 	C:\Windows\System32\RPCRT4.dll
0x00007ff9212c0000 - 0x00007ff921460000 	C:\Windows\System32\USER32.dll
0x00007ff91f300000 - 0x00007ff91f322000 	C:\Windows\System32\win32u.dll
0x00007ff913700000 - 0x00007ff91399b000 	C:\Windows\WinSxS\amd64_microsoft.windows.common-controls_6595b64144ccf1df_6.0.19041.488_none_ca04af081b815d21\COMCTL32.dll
0x00007ff91f690000 - 0x00007ff91f6ba000 	C:\Windows\System32\GDI32.dll
0x00007ff91f420000 - 0x00007ff91f529000 	C:\Windows\System32\gdi32full.dll
0x00007ff91f330000 - 0x00007ff91f3cd000 	C:\Windows\System32\msvcp_win.dll
0x00007ff917b90000 - 0x00007ff917b9a000 	C:\Windows\SYSTEM32\VERSION.dll
0x00007ff920260000 - 0x00007ff920290000 	C:\Windows\System32\IMM32.DLL
0x00007ff912250000 - 0x00007ff91225c000 	S:\Program Files\Java\jdk-17\bin\vcruntime140_1.dll
0x00007ff903c40000 - 0x00007ff903cce000 	S:\Program Files\Java\jdk-17\bin\msvcp140.dll
0x00007ff8dbc60000 - 0x00007ff8dc83d000 	S:\Program Files\Java\jdk-17\bin\server\jvm.dll
0x00007ff920500000 - 0x00007ff920508000 	C:\Windows\System32\PSAPI.DLL
0x00007ff91a260000 - 0x00007ff91a269000 	C:\Windows\SYSTEM32\WSOCK32.dll
0x00007ff917b60000 - 0x00007ff917b87000 	C:\Windows\SYSTEM32\WINMM.dll
0x00007ff921520000 - 0x00007ff92158b000 	C:\Windows\System32\WS2_32.dll
0x00007ff91cce0000 - 0x00007ff91ccf2000 	C:\Windows\SYSTEM32\kernel.appcore.dll
0x00007ff912200000 - 0x00007ff91220a000 	S:\Program Files\Java\jdk-17\bin\jimage.dll
0x00007ff914170000 - 0x00007ff914354000 	C:\Windows\SYSTEM32\DBGHELP.DLL
0x00007ff90a3b0000 - 0x00007ff90a3dc000 	C:\Windows\SYSTEM32\dbgcore.DLL
0x00007ff91f1d0000 - 0x00007ff91f24f000 	C:\Windows\System32\bcryptPrimitives.dll
0x00007ff9054c0000 - 0x00007ff9054e5000 	S:\Program Files\Java\jdk-17\bin\java.dll
0x00007ff903cd0000 - 0x00007ff903da7000 	S:\Program Files\Java\jdk-17\bin\jsvml.dll
0x00007ff91f6c0000 - 0x00007ff91fe01000 	C:\Windows\System32\SHELL32.dll
0x00007ff91cee0000 - 0x00007ff91d675000 	C:\Windows\SYSTEM32\windows.storage.dll
0x00007ff91fe70000 - 0x00007ff9201c5000 	C:\Windows\System32\combase.dll
0x00007ff91e770000 - 0x00007ff91e79c000 	C:\Windows\SYSTEM32\Wldp.dll
0x00007ff920530000 - 0x00007ff9205de000 	C:\Windows\System32\SHCORE.dll
0x00007ff921590000 - 0x00007ff9215e5000 	C:\Windows\System32\shlwapi.dll
0x00007ff91eca0000 - 0x00007ff91ecc6000 	C:\Windows\SYSTEM32\profapi.dll
0x00007ff9054a0000 - 0x00007ff9054b9000 	S:\Program Files\Java\jdk-17\bin\net.dll
0x00007ff913e90000 - 0x00007ff913f90000 	C:\Windows\SYSTEM32\WINHTTP.dll
0x00007ff91e490000 - 0x00007ff91e4fa000 	C:\Windows\system32\mswsock.dll
0x00007ff905480000 - 0x00007ff905496000 	S:\Program Files\Java\jdk-17\bin\nio.dll
0x00007ff905460000 - 0x00007ff905478000 	S:\Program Files\Java\jdk-17\bin\zip.dll
0x00007ff8e1e90000 - 0x00007ff8e2021000 	S:\Program Files\Java\jdk-17\bin\awt.dll
0x00007ff9203d0000 - 0x00007ff92049d000 	C:\Windows\System32\OLEAUT32.dll
0x00007ff91c3e0000 - 0x00007ff91c470000 	C:\Windows\SYSTEM32\apphelp.dll
0x00007ff91c830000 - 0x00007ff91c8ce000 	C:\Windows\system32\uxtheme.dll
0x00007ff920650000 - 0x00007ff920765000 	C:\Windows\System32\MSCTF.dll
0x00007ff920770000 - 0x00007ff92089a000 	C:\Windows\System32\ole32.dll
0x00007ff91c900000 - 0x00007ff91c92f000 	C:\Windows\system32\DWMAPI.DLL
0x00007ff903b40000 - 0x00007ff903bc6000 	S:\Program Files\Java\jdk-17\bin\freetype.dll
0x00007ff8e1540000 - 0x00007ff8e1605000 	S:\Program Files\Java\jdk-17\bin\fontmanager.dll
0x00007ff8e8100000 - 0x00007ff8e8225000 	C:\Windows\system32\opengl32.dll
0x00007ff8e7910000 - 0x00007ff8e793c000 	C:\Windows\SYSTEM32\GLU32.dll
0x00007ff8efc60000 - 0x00007ff8efe2e000 	C:\Windows\system32\d3d9.dll
0x00007ff917110000 - 0x00007ff9172cb000 	C:\Windows\System32\DriverStore\FileRepository\u0386458.inf_amd64_e0283e9e7966f704\B386218\aticfx64.dll
0x00007ff901670000 - 0x00007ff9016a4000 	C:\Windows\System32\DriverStore\FileRepository\u0386458.inf_amd64_e0283e9e7966f704\B386218\atiu9p64.dll
0x00007ff8daf00000 - 0x00007ff8dbc55000 	C:\Windows\System32\DriverStore\FileRepository\u0386458.inf_amd64_e0283e9e7966f704\B386218\atiumd64.dll
0x0000000068de0000 - 0x0000000069d07000 	C:\Windows\System32\DriverStore\FileRepository\u0386458.inf_amd64_e0283e9e7966f704\B386218\atiumd6a.dll
0x00007ff920e50000 - 0x00007ff9212b7000 	C:\Windows\System32\SETUPAPI.dll
0x00007ff91f3d0000 - 0x00007ff91f41e000 	C:\Windows\System32\cfgmgr32.dll
0x00007ff91f1a0000 - 0x00007ff91f1c7000 	C:\Windows\System32\bcrypt.dll
0x00007ff91ead0000 - 0x00007ff91eb1b000 	C:\Windows\SYSTEM32\POWRPROF.dll
0x00007ff91eab0000 - 0x00007ff91eac2000 	C:\Windows\SYSTEM32\UMPDC.dll
0x00007ff917a90000 - 0x00007ff917ac5000 	C:\Windows\SYSTEM32\amdihk64.dll
0x00007ff917c70000 - 0x00007ff917cab000 	C:\Windows\SYSTEM32\dxcore.dll
0x00007ff920bf0000 - 0x00007ff920c99000 	C:\Windows\System32\clbcatq.dll
0x00007ff919dd0000 - 0x00007ff919f84000 	C:\Windows\SYSTEM32\WindowsCodecs.dll
0x00007ff8fdb30000 - 0x00007ff8fdb6e000 	C:\Windows\system32\dataexchange.dll
0x00007ff91b7c0000 - 0x00007ff91b9a5000 	C:\Windows\system32\dcomp.dll
0x00007ff91b550000 - 0x00007ff91b7b4000 	C:\Windows\system32\d3d11.dll
0x00007ff91d6c0000 - 0x00007ff91d7b3000 	C:\Windows\system32\dxgi.dll
0x00007ff919b10000 - 0x00007ff919d18000 	C:\Windows\system32\twinapi.appcore.dll
0x00007ff91e1c0000 - 0x00007ff91e28b000 	C:\Windows\SYSTEM32\DNSAPI.dll
0x00007ff91e180000 - 0x00007ff91e1bb000 	C:\Windows\SYSTEM32\IPHLPAPI.DLL
0x00007ff9208a0000 - 0x00007ff9208a8000 	C:\Windows\System32\NSI.dll
0x00007ff913e20000 - 0x00007ff913e2a000 	C:\Windows\System32\rasadhlp.dll
0x00007ff913c40000 - 0x00007ff913cbf000 	C:\Windows\System32\fwpuclnt.dll
0x00007ff910650000 - 0x00007ff91074c000 	C:\Windows\SYSTEM32\textinputframework.dll
0x00007ff91c090000 - 0x00007ff91c182000 	C:\Windows\System32\CoreMessaging.dll
0x00007ff91bd30000 - 0x00007ff91c08e000 	C:\Windows\System32\CoreUIComponents.dll
0x00007ff91dab0000 - 0x00007ff91dae3000 	C:\Windows\SYSTEM32\ntmarta.dll
0x00007ff91ae30000 - 0x00007ff91af86000 	C:\Windows\SYSTEM32\wintypes.dll

dbghelp: loaded successfully - version: 4.0.5 - missing functions: none
symbol engine: initialized successfully - sym options: 0x614 - pdb path: .;S:\Program Files\Java\jdk-17\bin;C:\Windows\SYSTEM32;C:\Windows\WinSxS\amd64_microsoft.windows.common-controls_6595b64144ccf1df_6.0.19041.488_none_ca04af081b815d21;S:\Program Files\Java\jdk-17\bin\server;C:\Windows\System32\DriverStore\FileRepository\u0386458.inf_amd64_e0283e9e7966f704\B386218

VM Arguments:
jvm_args: -Dfile.encoding=UTF-8 --module-path=C:\Users\mb\Documents\NetBeansProjects\kiosco\build\classes 
java_command: ventanas.Productos
java_class_path (initial): S:\Program Files\NetBeans-17\netbeans\java\modules\ext\AbsoluteLayout.jar;S:\Program Files\Java\jdk-16.0.1\javafx-sdk-17.0.1\lib\javafx-swt.jar;S:\Program Files\Java\jdk-16.0.1\javafx-sdk-17.0.1\lib\javafx.base.jar;S:\Program Files\Java\jdk-16.0.1\javafx-sdk-17.0.1\lib\javafx.controls.jar;S:\Program Files\Java\jdk-16.0.1\javafx-sdk-17.0.1\lib\javafx.fxml.jar;S:\Program Files\Java\jdk-16.0.1\javafx-sdk-17.0.1\lib\javafx.graphics.jar;S:\Program Files\Java\jdk-16.0.1\javafx-sdk-17.0.1\lib\javafx.media.jar;S:\Program Files\Java\jdk-16.0.1\javafx-sdk-17.0.1\lib\javafx.swing.jar;S:\Program Files\Java\jdk-16.0.1\javafx-sdk-17.0.1\lib\javafx.web.jar;C:\Users\mb\Downloads\jcalendar-1.4.jar;C:\Users\mb\Documents\NetBeansProjects\bolsaEmpleo\dist\lib\mysql-connector-java-8.0.28.jar;C:\Users\mb\Downloads\lib\lib\swingx-all-1.6.4.jar;C:\Users\mb\Documents\NetBeansProjects\kiosco\build\classes
Launcher Type: SUN_STANDARD

[Global flags]
     intx CICompilerCount                          = 3                                         {product} {ergonomic}
     uint ConcGCThreads                            = 1                                         {product} {ergonomic}
     uint G1ConcRefinementThreads                  = 4                                         {product} {ergonomic}
   size_t G1HeapRegionSize                         = 1048576                                   {product} {ergonomic}
    uintx GCDrainStackTargetSize                   = 64                                        {product} {ergonomic}
   size_t InitialHeapSize                          = 100663296                                 {product} {ergonomic}
   size_t MarkStackSize                            = 4194304                                   {product} {ergonomic}
   size_t MaxHeapSize                              = 1593835520                                {product} {ergonomic}
   size_t MaxNewSize                               = 956301312                                 {product} {ergonomic}
   size_t MinHeapDeltaBytes                        = 1048576                                   {product} {ergonomic}
   size_t MinHeapSize                              = 8388608                                   {product} {ergonomic}
    uintx NonNMethodCodeHeapSize                   = 5832780                                {pd product} {ergonomic}
    uintx NonProfiledCodeHeapSize                  = 122912730                              {pd product} {ergonomic}
    uintx ProfiledCodeHeapSize                     = 122912730                              {pd product} {ergonomic}
    uintx ReservedCodeCacheSize                    = 251658240                              {pd product} {ergonomic}
     bool SegmentedCodeCache                       = true                                      {product} {ergonomic}
   size_t SoftMaxHeapSize                          = 1593835520                             {manageable} {ergonomic}
     bool UseCompressedClassPointers               = true                           {product lp64_product} {ergonomic}
     bool UseCompressedOops                        = true                           {product lp64_product} {ergonomic}
     bool UseG1GC                                  = true                                      {product} {ergonomic}
     bool UseLargePagesIndividualAllocation        = false                                  {pd product} {ergonomic}

Logging:
Log output configuration:
 #0: stdout all=warning uptime,level,tags
 #1: stderr all=off uptime,level,tags

Environment Variables:
PATH=C:\Program Files (x86)\NVIDIA Corporation\PhysX\Common;C:\Program Files\Common Files\Oracle\Java\javapath;C:\Program Files (x86)\Common Files\Oracle\Java\javapath;C:\Windows\system32;C:\Windows;C:\Windows\System32\Wbem;C:\Windows\System32\WindowsPowerShell\v1.0\;C:\Windows\System32\OpenSSH\;C:\Program Files\Docker\Docker\resources\bin;C:\ProgramData\DockerDesktop\version-bin;S:\xampp\php;C:\ProgramData\ComposerSetup\bin;S:\Git\cmd;S:\Program Files\PowerShell\7\;C:\Program Files\nodejs\;S:\xampp\mysql\bin;C:\Program Files\MySQL\MySQL Shell 8.0\bin\;C:\Users\mb\AppData\Local\Programs\Python\Python310\Scripts\;C:\Users\mb\AppData\Local\Programs\Python\Python310\;C:\Users\mb\AppData\Local\Microsoft\WindowsApps;S:\Microsoft VS Code\bin;C:\Users\mb\AppData\Roaming\Composer\vendor\bin;C:\Users\mb\AppData\Local\GitHubDesktop\bin;C:\sqlite-tools-win32-x86-3390200;c:\users\mb\appdata\local\programs\python\python310\lib\site-packages;C:\Users\mb\AppData\Roaming\npm;C:\Program Files\JetBrains\PyCharm Community Edition 2022.2.3\bin;
USERNAME=mb
OS=Windows_NT
PROCESSOR_IDENTIFIER=AMD64 Family 23 Model 17 Stepping 0, AuthenticAMD



---------------  S Y S T E M  ---------------

OS:
 Windows 10 , 64 bit Build 19041 (10.0.19041.546)
OS uptime: 0 days 9:39 hours

CPU: total 4 (initial active 4) (4 cores per cpu, 1 threads per core) family 23 model 17 stepping 0 microcode 0x0, cx8, cmov, fxsr, mmx, 3dnowpref, sse, sse2, sse3, ssse3, sse4a, sse4.1, sse4.2, popcnt, lzcnt, tsc, tscinvbit, avx, avx2, aes, clmul, bmi1, bmi2, adx, sha, fma, vzeroupper, clflush, clflushopt

Memory: 4k page, system-wide physical 6075M (488M free)
TotalPageFile size 15398M (AvailPageFile size 5M)
current process WorkingSet (physical memory assigned to process): 148M, peak: 151M
current process commit charge ("private bytes"): 271M, peak: 273M

vm_info: Java HotSpot(TM) 64-Bit Server VM (17.0.7+8-LTS-224) for windows-amd64 JRE (17.0.7+8-LTS-224), built on Feb 28 2023 23:03:02 by "mach5one" with MS VC++ 17.1 (VS2022)

END.
