#
# There is insufficient memory for the Java Runtime Environment to continue.
# Native memory allocation (malloc) failed to allocate 32744 bytes for ChunkPool::allocate
# Possible reasons:
#   The system is out of physical RAM or swap space
#   The process is running with CompressedOops enabled, and the Java Heap may be blocking the growth of the native heap
# Possible solutions:
#   Reduce memory load on the system
#   Increase physical memory or swap space
#   Check if swap backing store is full
#   Decrease Java heap size (-Xmx/-Xms)
#   Decrease number of Java threads
#   Decrease Java thread stack sizes (-Xss)
#   Set larger code cache with -XX:ReservedCodeCacheSize=
#   JVM is running with Unscaled Compressed Oops mode in which the Java heap is
#     placed in the first 4GB address space. The Java Heap base address is the
#     maximum limit for the native heap growth. Please use -XX:HeapBaseMinAddress
#     to set the Java Heap base and to place the Java Heap above 4GB virtual address.
# This output file may be truncated or incomplete.
#
#  Out of Memory Error (arena.cpp:79), pid=20776, tid=584
#
# JRE version: Java(TM) SE Runtime Environment (16.0.1+9) (build 16.0.1+9-24)
# Java VM: Java HotSpot(TM) 64-Bit Server VM (16.0.1+9-24, mixed mode, tiered, compressed oops, compressed class ptrs, g1 gc, windows-amd64)
# No core dump will be written. Minidumps are not enabled by default on client versions of Windows
#

---------------  S U M M A R Y ------------

Command Line: -Dfile.encoding=UTF-8 --module-path=C:\Users\mb\Documents\NetBeansProjects\kiosco\build\classes ventanas.Entradas

Host: AMD Ryzen 3 2200G with Radeon Vega Graphics    , 4 cores, 5G,  Windows 10 , 64 bit Build 19041 (10.0.19041.546)
Time: Wed Feb 15 00:46:36 2023 Hora estándar de Argentina elapsed time: 0.265060 seconds (0d 0h 0m 0s)

---------------  T H R E A D  ---------------

Current thread (0x000002279e2cbc10):  JavaThread "main" [_thread_in_vm, id=584, stack(0x000000d735c00000,0x000000d735d00000)]

Stack: [0x000000d735c00000,0x000000d735d00000]
Native frames: (J=compiled Java code, j=interpreted, Vv=VM code, C=native code)
V  [jvm.dll+0x6687ca]
V  [jvm.dll+0x7ca3c9]
V  [jvm.dll+0x7cbb53]
V  [jvm.dll+0x7cc1b3]
V  [jvm.dll+0x242ea5]
V  [jvm.dll+0xae25f]
V  [jvm.dll+0xae5ac]
V  [jvm.dll+0x1f20af]
V  [jvm.dll+0x1f0ea3]
V  [jvm.dll+0x741e03]
V  [jvm.dll+0x7436a8]
V  [jvm.dll+0x7439d3]
V  [jvm.dll+0x23ad74]
V  [jvm.dll+0x23b012]
V  [jvm.dll+0x5522d3]
V  [jvm.dll+0x554714]
V  [jvm.dll+0x379b7e]
V  [jvm.dll+0x379612]
C  0x00000227a72594c8

Java frames: (J=compiled Java code, j=interpreted, Vv=VM code)
j  java.lang.invoke.MethodHandle.<clinit>()V+16 java.base
v  ~StubRoutines::call_stub

---------------  P R O C E S S  ---------------

Threads class SMR info:
_java_thread_list=0x00000227bc6fbd60, length=10, elements={
0x000002279e2cbc10, 0x00000227bc6c1130, 0x00000227bc6c1df0, 0x00000227bc6ccb10,
0x00000227bc722020, 0x00000227bc723e50, 0x00000227bc7265f0, 0x00000227bc72cd80,
0x00000227bc7357d0, 0x00000227bc738610
}

Java Threads: ( => current thread )
=>0x000002279e2cbc10 JavaThread "main" [_thread_in_vm, id=584, stack(0x000000d735c00000,0x000000d735d00000)]
  0x00000227bc6c1130 JavaThread "Reference Handler" daemon [_thread_blocked, id=10368, stack(0x000000d736300000,0x000000d736400000)]
  0x00000227bc6c1df0 JavaThread "Finalizer" daemon [_thread_blocked, id=14640, stack(0x000000d736400000,0x000000d736500000)]
  0x00000227bc6ccb10 JavaThread "Signal Dispatcher" daemon [_thread_blocked, id=20736, stack(0x000000d736500000,0x000000d736600000)]
  0x00000227bc722020 JavaThread "Attach Listener" daemon [_thread_blocked, id=3584, stack(0x000000d736600000,0x000000d736700000)]
  0x00000227bc723e50 JavaThread "Service Thread" daemon [_thread_blocked, id=20680, stack(0x000000d736700000,0x000000d736800000)]
  0x00000227bc7265f0 JavaThread "Monitor Deflation Thread" daemon [_thread_blocked, id=21124, stack(0x000000d736800000,0x000000d736900000)]
  0x00000227bc72cd80 JavaThread "C2 CompilerThread0" daemon [_thread_in_vm, id=21260, stack(0x000000d736900000,0x000000d736a00000)]
  0x00000227bc7357d0 JavaThread "C1 CompilerThread0" daemon [_thread_blocked, id=21048, stack(0x000000d736a00000,0x000000d736b00000)]
  0x00000227bc738610 JavaThread "Sweeper thread" daemon [_thread_blocked, id=12600, stack(0x000000d736b00000,0x000000d736c00000)]

Other Threads:
  0x00000227bc6e6280 VMThread "VM Thread" [stack: 0x000000d736200000,0x000000d736300000] [id=20844]
  0x000002279e303e20 GCTaskThread "GC Thread#0" [stack: 0x000000d735d00000,0x000000d735e00000] [id=20540]
  0x000002279e312380 ConcurrentGCThread "G1 Main Marker" [stack: 0x000000d735e00000,0x000000d735f00000] [id=21444]
  0x000002279e313490 ConcurrentGCThread "G1 Conc#0" [stack: 0x000000d735f00000,0x000000d736000000] [id=19780]
  0x000002279e3786d0 ConcurrentGCThread "G1 Refine#0" [stack: 0x000000d736000000,0x000000d736100000] [id=18048]
  0x000002279e379050 ConcurrentGCThread "G1 Service" [stack: 0x000000d736100000,0x000000d736200000] [id=19908]

Threads with active compile tasks:

VM state: not at safepoint (normal execution)

VM Mutex/Monitor currently owned by a thread: None

Heap address: 0x00000000a1000000, size: 1520 MB, Compressed Oops mode: 32-bit

CDS disabled.
Compressed class space mapped at: 0x0000000100000000-0x0000000140000000, reserved size: 1073741824
Narrow klass base: 0x0000000000000000, Narrow klass shift: 3, Narrow klass range: 0x140000000

GC Precious Log:
 CPUs: 4 total, 4 available
 Memory: 6075M
 Large Page Support: Disabled
 NUMA Support: Disabled
 Compressed Oops: Enabled (32-bit)
 Heap Region Size: 1M
 Heap Min Capacity: 8M
 Heap Initial Capacity: 96M
 Heap Max Capacity: 1520M
 Pre-touch: Disabled
 Parallel Workers: 4
 Concurrent Workers: 1
 Concurrent Refinement Workers: 4
 Periodic GC: Disabled

Heap:
 garbage-first heap   total 98304K, used 0K [0x00000000a1000000, 0x0000000100000000)
  region size 1024K, 1 young (1024K), 0 survivors (0K)
 Metaspace       used 2494K, committed 2560K, reserved 1056768K
  class space    used 188K, committed 192K, reserved 1048576K

Heap Regions: E=young(eden), S=young(survivor), O=old, HS=humongous(starts), HC=humongous(continues), CS=collection set, F=free, OA=open archive, CA=closed archive, TAMS=top-at-mark-start (previous, next)
|   0|0x00000000a1000000, 0x00000000a1000000, 0x00000000a1100000|  0%| F|  |TAMS 0x00000000a1000000, 0x00000000a1000000| Untracked 
|   1|0x00000000a1100000, 0x00000000a1100000, 0x00000000a1200000|  0%| F|  |TAMS 0x00000000a1100000, 0x00000000a1100000| Untracked 
|   2|0x00000000a1200000, 0x00000000a1200000, 0x00000000a1300000|  0%| F|  |TAMS 0x00000000a1200000, 0x00000000a1200000| Untracked 
|   3|0x00000000a1300000, 0x00000000a1300000, 0x00000000a1400000|  0%| F|  |TAMS 0x00000000a1300000, 0x00000000a1300000| Untracked 
|   4|0x00000000a1400000, 0x00000000a1400000, 0x00000000a1500000|  0%| F|  |TAMS 0x00000000a1400000, 0x00000000a1400000| Untracked 
|   5|0x00000000a1500000, 0x00000000a1500000, 0x00000000a1600000|  0%| F|  |TAMS 0x00000000a1500000, 0x00000000a1500000| Untracked 
|   6|0x00000000a1600000, 0x00000000a1600000, 0x00000000a1700000|  0%| F|  |TAMS 0x00000000a1600000, 0x00000000a1600000| Untracked 
|   7|0x00000000a1700000, 0x00000000a1700000, 0x00000000a1800000|  0%| F|  |TAMS 0x00000000a1700000, 0x00000000a1700000| Untracked 
|   8|0x00000000a1800000, 0x00000000a1800000, 0x00000000a1900000|  0%| F|  |TAMS 0x00000000a1800000, 0x00000000a1800000| Untracked 
|   9|0x00000000a1900000, 0x00000000a1900000, 0x00000000a1a00000|  0%| F|  |TAMS 0x00000000a1900000, 0x00000000a1900000| Untracked 
|  10|0x00000000a1a00000, 0x00000000a1a00000, 0x00000000a1b00000|  0%| F|  |TAMS 0x00000000a1a00000, 0x00000000a1a00000| Untracked 
|  11|0x00000000a1b00000, 0x00000000a1b00000, 0x00000000a1c00000|  0%| F|  |TAMS 0x00000000a1b00000, 0x00000000a1b00000| Untracked 
|  12|0x00000000a1c00000, 0x00000000a1c00000, 0x00000000a1d00000|  0%| F|  |TAMS 0x00000000a1c00000, 0x00000000a1c00000| Untracked 
|  13|0x00000000a1d00000, 0x00000000a1d00000, 0x00000000a1e00000|  0%| F|  |TAMS 0x00000000a1d00000, 0x00000000a1d00000| Untracked 
|  14|0x00000000a1e00000, 0x00000000a1e00000, 0x00000000a1f00000|  0%| F|  |TAMS 0x00000000a1e00000, 0x00000000a1e00000| Untracked 
|  15|0x00000000a1f00000, 0x00000000a1f00000, 0x00000000a2000000|  0%| F|  |TAMS 0x00000000a1f00000, 0x00000000a1f00000| Untracked 
|  16|0x00000000a2000000, 0x00000000a2000000, 0x00000000a2100000|  0%| F|  |TAMS 0x00000000a2000000, 0x00000000a2000000| Untracked 
|  17|0x00000000a2100000, 0x00000000a2100000, 0x00000000a2200000|  0%| F|  |TAMS 0x00000000a2100000, 0x00000000a2100000| Untracked 
|  18|0x00000000a2200000, 0x00000000a2200000, 0x00000000a2300000|  0%| F|  |TAMS 0x00000000a2200000, 0x00000000a2200000| Untracked 
|  19|0x00000000a2300000, 0x00000000a2300000, 0x00000000a2400000|  0%| F|  |TAMS 0x00000000a2300000, 0x00000000a2300000| Untracked 
|  20|0x00000000a2400000, 0x00000000a2400000, 0x00000000a2500000|  0%| F|  |TAMS 0x00000000a2400000, 0x00000000a2400000| Untracked 
|  21|0x00000000a2500000, 0x00000000a2500000, 0x00000000a2600000|  0%| F|  |TAMS 0x00000000a2500000, 0x00000000a2500000| Untracked 
|  22|0x00000000a2600000, 0x00000000a2600000, 0x00000000a2700000|  0%| F|  |TAMS 0x00000000a2600000, 0x00000000a2600000| Untracked 
|  23|0x00000000a2700000, 0x00000000a2700000, 0x00000000a2800000|  0%| F|  |TAMS 0x00000000a2700000, 0x00000000a2700000| Untracked 
|  24|0x00000000a2800000, 0x00000000a2800000, 0x00000000a2900000|  0%| F|  |TAMS 0x00000000a2800000, 0x00000000a2800000| Untracked 
|  25|0x00000000a2900000, 0x00000000a2900000, 0x00000000a2a00000|  0%| F|  |TAMS 0x00000000a2900000, 0x00000000a2900000| Untracked 
|  26|0x00000000a2a00000, 0x00000000a2a00000, 0x00000000a2b00000|  0%| F|  |TAMS 0x00000000a2a00000, 0x00000000a2a00000| Untracked 
|  27|0x00000000a2b00000, 0x00000000a2b00000, 0x00000000a2c00000|  0%| F|  |TAMS 0x00000000a2b00000, 0x00000000a2b00000| Untracked 
|  28|0x00000000a2c00000, 0x00000000a2c00000, 0x00000000a2d00000|  0%| F|  |TAMS 0x00000000a2c00000, 0x00000000a2c00000| Untracked 
|  29|0x00000000a2d00000, 0x00000000a2d00000, 0x00000000a2e00000|  0%| F|  |TAMS 0x00000000a2d00000, 0x00000000a2d00000| Untracked 
|  30|0x00000000a2e00000, 0x00000000a2e00000, 0x00000000a2f00000|  0%| F|  |TAMS 0x00000000a2e00000, 0x00000000a2e00000| Untracked 
|  31|0x00000000a2f00000, 0x00000000a2f00000, 0x00000000a3000000|  0%| F|  |TAMS 0x00000000a2f00000, 0x00000000a2f00000| Untracked 
|  32|0x00000000a3000000, 0x00000000a3000000, 0x00000000a3100000|  0%| F|  |TAMS 0x00000000a3000000, 0x00000000a3000000| Untracked 
|  33|0x00000000a3100000, 0x00000000a3100000, 0x00000000a3200000|  0%| F|  |TAMS 0x00000000a3100000, 0x00000000a3100000| Untracked 
|  34|0x00000000a3200000, 0x00000000a3200000, 0x00000000a3300000|  0%| F|  |TAMS 0x00000000a3200000, 0x00000000a3200000| Untracked 
|  35|0x00000000a3300000, 0x00000000a3300000, 0x00000000a3400000|  0%| F|  |TAMS 0x00000000a3300000, 0x00000000a3300000| Untracked 
|  36|0x00000000a3400000, 0x00000000a3400000, 0x00000000a3500000|  0%| F|  |TAMS 0x00000000a3400000, 0x00000000a3400000| Untracked 
|  37|0x00000000a3500000, 0x00000000a3500000, 0x00000000a3600000|  0%| F|  |TAMS 0x00000000a3500000, 0x00000000a3500000| Untracked 
|  38|0x00000000a3600000, 0x00000000a3600000, 0x00000000a3700000|  0%| F|  |TAMS 0x00000000a3600000, 0x00000000a3600000| Untracked 
|  39|0x00000000a3700000, 0x00000000a3700000, 0x00000000a3800000|  0%| F|  |TAMS 0x00000000a3700000, 0x00000000a3700000| Untracked 
|  40|0x00000000a3800000, 0x00000000a3800000, 0x00000000a3900000|  0%| F|  |TAMS 0x00000000a3800000, 0x00000000a3800000| Untracked 
|  41|0x00000000a3900000, 0x00000000a3900000, 0x00000000a3a00000|  0%| F|  |TAMS 0x00000000a3900000, 0x00000000a3900000| Untracked 
|  42|0x00000000a3a00000, 0x00000000a3a00000, 0x00000000a3b00000|  0%| F|  |TAMS 0x00000000a3a00000, 0x00000000a3a00000| Untracked 
|  43|0x00000000a3b00000, 0x00000000a3b00000, 0x00000000a3c00000|  0%| F|  |TAMS 0x00000000a3b00000, 0x00000000a3b00000| Untracked 
|  44|0x00000000a3c00000, 0x00000000a3c00000, 0x00000000a3d00000|  0%| F|  |TAMS 0x00000000a3c00000, 0x00000000a3c00000| Untracked 
|  45|0x00000000a3d00000, 0x00000000a3d00000, 0x00000000a3e00000|  0%| F|  |TAMS 0x00000000a3d00000, 0x00000000a3d00000| Untracked 
|  46|0x00000000a3e00000, 0x00000000a3e00000, 0x00000000a3f00000|  0%| F|  |TAMS 0x00000000a3e00000, 0x00000000a3e00000| Untracked 
|  47|0x00000000a3f00000, 0x00000000a3f00000, 0x00000000a4000000|  0%| F|  |TAMS 0x00000000a3f00000, 0x00000000a3f00000| Untracked 
|  48|0x00000000a4000000, 0x00000000a4000000, 0x00000000a4100000|  0%| F|  |TAMS 0x00000000a4000000, 0x00000000a4000000| Untracked 
|  49|0x00000000a4100000, 0x00000000a4100000, 0x00000000a4200000|  0%| F|  |TAMS 0x00000000a4100000, 0x00000000a4100000| Untracked 
|  50|0x00000000a4200000, 0x00000000a4200000, 0x00000000a4300000|  0%| F|  |TAMS 0x00000000a4200000, 0x00000000a4200000| Untracked 
|  51|0x00000000a4300000, 0x00000000a4300000, 0x00000000a4400000|  0%| F|  |TAMS 0x00000000a4300000, 0x00000000a4300000| Untracked 
|  52|0x00000000a4400000, 0x00000000a4400000, 0x00000000a4500000|  0%| F|  |TAMS 0x00000000a4400000, 0x00000000a4400000| Untracked 
|  53|0x00000000a4500000, 0x00000000a4500000, 0x00000000a4600000|  0%| F|  |TAMS 0x00000000a4500000, 0x00000000a4500000| Untracked 
|  54|0x00000000a4600000, 0x00000000a4600000, 0x00000000a4700000|  0%| F|  |TAMS 0x00000000a4600000, 0x00000000a4600000| Untracked 
|  55|0x00000000a4700000, 0x00000000a4700000, 0x00000000a4800000|  0%| F|  |TAMS 0x00000000a4700000, 0x00000000a4700000| Untracked 
|  56|0x00000000a4800000, 0x00000000a4800000, 0x00000000a4900000|  0%| F|  |TAMS 0x00000000a4800000, 0x00000000a4800000| Untracked 
|  57|0x00000000a4900000, 0x00000000a4900000, 0x00000000a4a00000|  0%| F|  |TAMS 0x00000000a4900000, 0x00000000a4900000| Untracked 
|  58|0x00000000a4a00000, 0x00000000a4a00000, 0x00000000a4b00000|  0%| F|  |TAMS 0x00000000a4a00000, 0x00000000a4a00000| Untracked 
|  59|0x00000000a4b00000, 0x00000000a4b00000, 0x00000000a4c00000|  0%| F|  |TAMS 0x00000000a4b00000, 0x00000000a4b00000| Untracked 
|  60|0x00000000a4c00000, 0x00000000a4c00000, 0x00000000a4d00000|  0%| F|  |TAMS 0x00000000a4c00000, 0x00000000a4c00000| Untracked 
|  61|0x00000000a4d00000, 0x00000000a4d00000, 0x00000000a4e00000|  0%| F|  |TAMS 0x00000000a4d00000, 0x00000000a4d00000| Untracked 
|  62|0x00000000a4e00000, 0x00000000a4e00000, 0x00000000a4f00000|  0%| F|  |TAMS 0x00000000a4e00000, 0x00000000a4e00000| Untracked 
|  63|0x00000000a4f00000, 0x00000000a4f00000, 0x00000000a5000000|  0%| F|  |TAMS 0x00000000a4f00000, 0x00000000a4f00000| Untracked 
|  64|0x00000000a5000000, 0x00000000a5000000, 0x00000000a5100000|  0%| F|  |TAMS 0x00000000a5000000, 0x00000000a5000000| Untracked 
|  65|0x00000000a5100000, 0x00000000a5100000, 0x00000000a5200000|  0%| F|  |TAMS 0x00000000a5100000, 0x00000000a5100000| Untracked 
|  66|0x00000000a5200000, 0x00000000a5200000, 0x00000000a5300000|  0%| F|  |TAMS 0x00000000a5200000, 0x00000000a5200000| Untracked 
|  67|0x00000000a5300000, 0x00000000a5300000, 0x00000000a5400000|  0%| F|  |TAMS 0x00000000a5300000, 0x00000000a5300000| Untracked 
|  68|0x00000000a5400000, 0x00000000a5400000, 0x00000000a5500000|  0%| F|  |TAMS 0x00000000a5400000, 0x00000000a5400000| Untracked 
|  69|0x00000000a5500000, 0x00000000a5500000, 0x00000000a5600000|  0%| F|  |TAMS 0x00000000a5500000, 0x00000000a5500000| Untracked 
|  70|0x00000000a5600000, 0x00000000a5600000, 0x00000000a5700000|  0%| F|  |TAMS 0x00000000a5600000, 0x00000000a5600000| Untracked 
|  71|0x00000000a5700000, 0x00000000a5700000, 0x00000000a5800000|  0%| F|  |TAMS 0x00000000a5700000, 0x00000000a5700000| Untracked 
|  72|0x00000000a5800000, 0x00000000a5800000, 0x00000000a5900000|  0%| F|  |TAMS 0x00000000a5800000, 0x00000000a5800000| Untracked 
|  73|0x00000000a5900000, 0x00000000a5900000, 0x00000000a5a00000|  0%| F|  |TAMS 0x00000000a5900000, 0x00000000a5900000| Untracked 
|  74|0x00000000a5a00000, 0x00000000a5a00000, 0x00000000a5b00000|  0%| F|  |TAMS 0x00000000a5a00000, 0x00000000a5a00000| Untracked 
|  75|0x00000000a5b00000, 0x00000000a5b00000, 0x00000000a5c00000|  0%| F|  |TAMS 0x00000000a5b00000, 0x00000000a5b00000| Untracked 
|  76|0x00000000a5c00000, 0x00000000a5c00000, 0x00000000a5d00000|  0%| F|  |TAMS 0x00000000a5c00000, 0x00000000a5c00000| Untracked 
|  77|0x00000000a5d00000, 0x00000000a5d00000, 0x00000000a5e00000|  0%| F|  |TAMS 0x00000000a5d00000, 0x00000000a5d00000| Untracked 
|  78|0x00000000a5e00000, 0x00000000a5e00000, 0x00000000a5f00000|  0%| F|  |TAMS 0x00000000a5e00000, 0x00000000a5e00000| Untracked 
|  79|0x00000000a5f00000, 0x00000000a5f00000, 0x00000000a6000000|  0%| F|  |TAMS 0x00000000a5f00000, 0x00000000a5f00000| Untracked 
|  80|0x00000000a6000000, 0x00000000a6000000, 0x00000000a6100000|  0%| F|  |TAMS 0x00000000a6000000, 0x00000000a6000000| Untracked 
|  81|0x00000000a6100000, 0x00000000a6100000, 0x00000000a6200000|  0%| F|  |TAMS 0x00000000a6100000, 0x00000000a6100000| Untracked 
|  82|0x00000000a6200000, 0x00000000a6200000, 0x00000000a6300000|  0%| F|  |TAMS 0x00000000a6200000, 0x00000000a6200000| Untracked 
|  83|0x00000000a6300000, 0x00000000a6300000, 0x00000000a6400000|  0%| F|  |TAMS 0x00000000a6300000, 0x00000000a6300000| Untracked 
|  84|0x00000000a6400000, 0x00000000a6400000, 0x00000000a6500000|  0%| F|  |TAMS 0x00000000a6400000, 0x00000000a6400000| Untracked 
|  85|0x00000000a6500000, 0x00000000a6500000, 0x00000000a6600000|  0%| F|  |TAMS 0x00000000a6500000, 0x00000000a6500000| Untracked 
|  86|0x00000000a6600000, 0x00000000a6600000, 0x00000000a6700000|  0%| F|  |TAMS 0x00000000a6600000, 0x00000000a6600000| Untracked 
|  87|0x00000000a6700000, 0x00000000a6700000, 0x00000000a6800000|  0%| F|  |TAMS 0x00000000a6700000, 0x00000000a6700000| Untracked 
|  88|0x00000000a6800000, 0x00000000a6800000, 0x00000000a6900000|  0%| F|  |TAMS 0x00000000a6800000, 0x00000000a6800000| Untracked 
|  89|0x00000000a6900000, 0x00000000a6900000, 0x00000000a6a00000|  0%| F|  |TAMS 0x00000000a6900000, 0x00000000a6900000| Untracked 
|  90|0x00000000a6a00000, 0x00000000a6a00000, 0x00000000a6b00000|  0%| F|  |TAMS 0x00000000a6a00000, 0x00000000a6a00000| Untracked 
|  91|0x00000000a6b00000, 0x00000000a6b00000, 0x00000000a6c00000|  0%| F|  |TAMS 0x00000000a6b00000, 0x00000000a6b00000| Untracked 
|  92|0x00000000a6c00000, 0x00000000a6c00000, 0x00000000a6d00000|  0%| F|  |TAMS 0x00000000a6c00000, 0x00000000a6c00000| Untracked 
|  93|0x00000000a6d00000, 0x00000000a6d00000, 0x00000000a6e00000|  0%| F|  |TAMS 0x00000000a6d00000, 0x00000000a6d00000| Untracked 
|  94|0x00000000a6e00000, 0x00000000a6e00000, 0x00000000a6f00000|  0%| F|  |TAMS 0x00000000a6e00000, 0x00000000a6e00000| Untracked 
|  95|0x00000000a6f00000, 0x00000000a6f852b8, 0x00000000a7000000| 52%| E|  |TAMS 0x00000000a6f00000, 0x00000000a6f00000| Complete 

Card table byte_map: [0x00000227b6b60000,0x00000227b6e60000] _byte_map_base: 0x00000227b6658000

Marking Bits (Prev, Next): (CMBitMap*) 0x000002279e3053a0, (CMBitMap*) 0x000002279e3053e0
 Prev Bits: [0x00000227b7160000, 0x00000227b8920000)
 Next Bits: [0x00000227b8920000, 0x00000227ba0e0000)

Polling page: 0x000002279e3b0000

Metaspace:

Usage:
  Non-class:      2.25 MB used.
      Class:    188.23 KB used.
       Both:      2.44 MB used.

Virtual space:
  Non-class space:        8.00 MB reserved,       2.31 MB ( 29%) committed,  1 nodes.
      Class space:        1.00 GB reserved,     192.00 KB ( <1%) committed,  1 nodes.
              Both:        1.01 GB reserved,       2.50 MB ( <1%) committed. 

Chunk freelists:
   Non-Class:  0 bytes
       Class:  3.75 MB
        Both:  3.75 MB

MaxMetaspaceSize: 17179869184.00 GB
CompressedClassSpaceSize: 1.00 GB
 - commit_granule_bytes: 65536.
 - commit_granule_words: 8192.
 - virtual_space_node_default_size: 1048576.
 - enlarge_chunks_in_place: 1.
 - new_chunks_are_fully_committed: 0.
 - uncommit_free_chunks: 1.
 - use_allocation_guard: 0.
 - handle_deallocations: 1.


Internal statistics:

num_allocs_failed_limit: 0.
num_arena_births: 2.
num_arena_deaths: 0.
num_vsnodes_births: 2.
num_vsnodes_deaths: 0.
num_space_committed: 40.
num_space_uncommitted: 0.
num_chunks_returned_to_freelist: 0.
num_chunks_taken_from_freelist: 3.
num_chunk_merges: 0.
num_chunk_splits: 1.
num_chunks_enlarged: 0.
num_purges: 0.

CodeHeap 'non-profiled nmethods': size=120000Kb used=0Kb max_used=0Kb free=120000Kb
 bounds [0x00000227aed10000, 0x00000227aef80000, 0x00000227b6240000]
CodeHeap 'profiled nmethods': size=120000Kb used=0Kb max_used=0Kb free=120000Kb
 bounds [0x00000227a77e0000, 0x00000227a7a50000, 0x00000227aed10000]
CodeHeap 'non-nmethods': size=5760Kb used=995Kb max_used=995Kb free=4764Kb
 bounds [0x00000227a7240000, 0x00000227a74b0000, 0x00000227a77e0000]
 total_blobs=234 nmethods=0 adapters=162
 compilation: enabled
              stopped_count=0, restarted_count=0
 full_count=0

Compilation events (0 events):
No events

GC Heap History (0 events):
No events

Deoptimization events (0 events):
No events

Classes unloaded (0 events):
No events

Classes redefined (0 events):
No events

Internal exceptions (0 events):
No events

Events (20 events):
Event: 0.192 loading class jdk/internal/access/JavaLangAccess done
Event: 0.192 loading class java/lang/System$2 done
Event: 0.192 loading class java/util/Collections
Event: 0.192 loading class java/util/Collections done
Event: 0.192 loading class java/util/Collections$EmptySet
Event: 0.192 loading class java/util/Collections$EmptySet done
Event: 0.192 loading class java/util/Collections$EmptyList
Event: 0.192 loading class java/util/Collections$EmptyList done
Event: 0.192 loading class java/util/Collections$EmptyMap
Event: 0.192 loading class java/util/Collections$EmptyMap done
Event: 0.193 loading class java/lang/IllegalArgumentException
Event: 0.193 loading class java/lang/IllegalArgumentException done
Event: 0.193 Thread 0x00000227bc6ccb10 Thread added: 0x00000227bc6ccb10
Event: 0.193 Thread 0x00000227bc722020 Thread added: 0x00000227bc722020
Event: 0.193 Thread 0x00000227bc723e50 Thread added: 0x00000227bc723e50
Event: 0.193 Thread 0x00000227bc7265f0 Thread added: 0x00000227bc7265f0
Event: 0.193 Thread 0x00000227bc72cd80 Thread added: 0x00000227bc72cd80
Event: 0.193 Thread 0x00000227bc7357d0 Thread added: 0x00000227bc7357d0
Event: 0.193 Thread 0x00000227bc738610 Thread added: 0x00000227bc738610
Event: 0.193 loading class java/lang/invoke/MethodHandleStatics


Dynamic libraries:
0x00007ff7dd040000 - 0x00007ff7dd050000 	S:\Program Files\Java\jdk-16.0.1\bin\java.exe
0x00007ffd24710000 - 0x00007ffd24906000 	C:\Windows\SYSTEM32\ntdll.dll
0x00007ffd22810000 - 0x00007ffd228cd000 	C:\Windows\System32\KERNEL32.DLL
0x00007ffd22050000 - 0x00007ffd22318000 	C:\Windows\System32\KERNELBASE.dll
0x00007ffd22350000 - 0x00007ffd22450000 	C:\Windows\System32\ucrtbase.dll
0x00007ffd1da70000 - 0x00007ffd1da88000 	S:\Program Files\Java\jdk-16.0.1\bin\jli.dll
0x00007ffd14600000 - 0x00007ffd14619000 	S:\Program Files\Java\jdk-16.0.1\bin\VCRUNTIME140.dll
0x00007ffd23cc0000 - 0x00007ffd23d6c000 	C:\Windows\System32\ADVAPI32.dll
0x00007ffd23d70000 - 0x00007ffd23e0e000 	C:\Windows\System32\msvcrt.dll
0x00007ffd23e10000 - 0x00007ffd23eab000 	C:\Windows\System32\sechost.dll
0x00007ffd22af0000 - 0x00007ffd22c14000 	C:\Windows\System32\RPCRT4.dll
0x00007ffd22ca0000 - 0x00007ffd22e40000 	C:\Windows\System32\USER32.dll
0x00007ffd22020000 - 0x00007ffd22042000 	C:\Windows\System32\win32u.dll
0x00007ffd08df0000 - 0x00007ffd0908b000 	C:\Windows\WinSxS\amd64_microsoft.windows.common-controls_6595b64144ccf1df_6.0.19041.488_none_ca04af081b815d21\COMCTL32.dll
0x00007ffd22e40000 - 0x00007ffd22e6a000 	C:\Windows\System32\GDI32.dll
0x00007ffd22450000 - 0x00007ffd22559000 	C:\Windows\System32\gdi32full.dll
0x00007ffd22560000 - 0x00007ffd225fd000 	C:\Windows\System32\msvcp_win.dll
0x00007ffd19900000 - 0x00007ffd1990a000 	C:\Windows\SYSTEM32\VERSION.dll
0x00007ffd245c0000 - 0x00007ffd245f0000 	C:\Windows\System32\IMM32.DLL
0x00007ffd1d370000 - 0x00007ffd1d37c000 	S:\Program Files\Java\jdk-16.0.1\bin\vcruntime140_1.dll
0x00007ffd09360000 - 0x00007ffd093f1000 	S:\Program Files\Java\jdk-16.0.1\bin\msvcp140.dll
0x00007ffcda520000 - 0x00007ffcdb0cb000 	S:\Program Files\Java\jdk-16.0.1\bin\server\jvm.dll
0x00007ffd22c20000 - 0x00007ffd22c28000 	C:\Windows\System32\PSAPI.DLL
0x00007ffd19910000 - 0x00007ffd19937000 	C:\Windows\SYSTEM32\WINMM.dll
0x00007ffd1d940000 - 0x00007ffd1d949000 	C:\Windows\SYSTEM32\WSOCK32.dll
0x00007ffd22c30000 - 0x00007ffd22c9b000 	C:\Windows\System32\WS2_32.dll
0x00007ffd1fe00000 - 0x00007ffd1fe12000 	C:\Windows\SYSTEM32\kernel.appcore.dll
0x00007ffd14580000 - 0x00007ffd1458a000 	S:\Program Files\Java\jdk-16.0.1\bin\jimage.dll
0x00007ffd19c80000 - 0x00007ffd19e64000 	C:\Windows\SYSTEM32\DBGHELP.DLL
0x00007ffd097b0000 - 0x00007ffd097dc000 	C:\Windows\SYSTEM32\dbgcore.DLL
0x00007ffd21e90000 - 0x00007ffd21f0f000 	C:\Windows\System32\bcryptPrimitives.dll
0x00007ffd14590000 - 0x00007ffd145b5000 	S:\Program Files\Java\jdk-16.0.1\bin\java.dll
0x00007ffd23360000 - 0x00007ffd23aa1000 	C:\Windows\System32\SHELL32.dll
0x00007ffd20000000 - 0x00007ffd20795000 	C:\Windows\SYSTEM32\windows.storage.dll
0x00007ffd240e0000 - 0x00007ffd24435000 	C:\Windows\System32\combase.dll
0x00007ffd21830000 - 0x00007ffd2185c000 	C:\Windows\SYSTEM32\Wldp.dll
0x00007ffd23fd0000 - 0x00007ffd2407e000 	C:\Windows\System32\SHCORE.dll
0x00007ffd23ab0000 - 0x00007ffd23b05000 	C:\Windows\System32\shlwapi.dll
0x00007ffd21dc0000 - 0x00007ffd21de6000 	C:\Windows\SYSTEM32\profapi.dll

dbghelp: loaded successfully - version: 4.0.5 - missing functions: none
symbol engine: initialized successfully - sym options: 0x614 - pdb path: .;S:\Program Files\Java\jdk-16.0.1\bin;C:\Windows\SYSTEM32;C:\Windows\WinSxS\amd64_microsoft.windows.common-controls_6595b64144ccf1df_6.0.19041.488_none_ca04af081b815d21;S:\Program Files\Java\jdk-16.0.1\bin\server

VM Arguments:
jvm_args: -Dfile.encoding=UTF-8 --module-path=C:\Users\mb\Documents\NetBeansProjects\kiosco\build\classes 
java_command: ventanas.Entradas
java_class_path (initial): S:\Program Files\NetBeans-12.0\netbeans\java\modules\ext\AbsoluteLayout.jar;S:\Program Files\Java\jdk-16.0.1\javafx-sdk-17.0.1\lib\javafx-swt.jar;S:\Program Files\Java\jdk-16.0.1\javafx-sdk-17.0.1\lib\javafx.base.jar;S:\Program Files\Java\jdk-16.0.1\javafx-sdk-17.0.1\lib\javafx.controls.jar;S:\Program Files\Java\jdk-16.0.1\javafx-sdk-17.0.1\lib\javafx.fxml.jar;S:\Program Files\Java\jdk-16.0.1\javafx-sdk-17.0.1\lib\javafx.graphics.jar;S:\Program Files\Java\jdk-16.0.1\javafx-sdk-17.0.1\lib\javafx.media.jar;S:\Program Files\Java\jdk-16.0.1\javafx-sdk-17.0.1\lib\javafx.swing.jar;S:\Program Files\Java\jdk-16.0.1\javafx-sdk-17.0.1\lib\javafx.web.jar;C:\Users\mb\Downloads\jcalendar-1.4.jar;C:\Users\mb\Documents\NetBeansProjects\bolsaEmpleo\dist\lib\mysql-connector-java-8.0.28.jar;C:\Users\mb\Downloads\lib\lib\swingx-all-1.6.4.jar;C:\Users\mb\Documents\NetBeansProjects\kiosco\build\classes
Launcher Type: SUN_STANDARD

[Global flags]
     intx CICompilerCount                          = 3                                         {product} {ergonomic}
     uint ConcGCThreads                            = 1                                         {product} {ergonomic}
     uint G1ConcRefinementThreads                  = 4                                         {product} {ergonomic}
   size_t G1HeapRegionSize                         = 1048576                                   {product} {ergonomic}
    uintx GCDrainStackTargetSize                   = 64                                        {product} {ergonomic}
   size_t InitialHeapSize                          = 100663296                                 {product} {ergonomic}
   size_t MarkStackSize                            = 4194304                                   {product} {ergonomic}
   size_t MaxHeapSize                              = 1593835520                                {product} {ergonomic}
   size_t MaxNewSize                               = 956301312                                 {product} {ergonomic}
   size_t MinHeapDeltaBytes                        = 1048576                                   {product} {ergonomic}
   size_t MinHeapSize                              = 8388608                                   {product} {ergonomic}
    uintx NonNMethodCodeHeapSize                   = 5832780                                {pd product} {ergonomic}
    uintx NonProfiledCodeHeapSize                  = 122912730                              {pd product} {ergonomic}
    uintx ProfiledCodeHeapSize                     = 122912730                              {pd product} {ergonomic}
    uintx ReservedCodeCacheSize                    = 251658240                              {pd product} {ergonomic}
     bool SegmentedCodeCache                       = true                                      {product} {ergonomic}
   size_t SoftMaxHeapSize                          = 1593835520                             {manageable} {ergonomic}
     bool UseCompressedClassPointers               = true                           {product lp64_product} {ergonomic}
     bool UseCompressedOops                        = true                           {product lp64_product} {ergonomic}
     bool UseG1GC                                  = true                                      {product} {ergonomic}
     bool UseLargePagesIndividualAllocation        = false                                  {pd product} {ergonomic}

Logging:
Log output configuration:
 #0: stdout all=warning uptime,level,tags
 #1: stderr all=off uptime,level,tags

Environment Variables:
PATH=C:\Program Files\Common Files\Oracle\Java\javapath;C:\Windows\system32;C:\Windows;C:\Windows\System32\Wbem;C:\Windows\System32\WindowsPowerShell\v1.0\;C:\Windows\System32\OpenSSH\;C:\Program Files\Docker\Docker\resources\bin;C:\ProgramData\DockerDesktop\version-bin;S:\xampp\php;C:\ProgramData\ComposerSetup\bin;S:\Git\cmd;S:\Program Files\PowerShell\7\;C:\Program Files\nodejs\;S:\xampp\mysql\bin;C:\Users\mb\AppData\Local\Programs\Python\Python310\Scripts\;C:\Users\mb\AppData\Local\Programs\Python\Python310\;C:\Program Files\MySQL\MySQL Shell 8.0\bin\;C:\Users\mb\AppData\Local\Microsoft\WindowsApps;S:\Microsoft VS Code\bin;C:\Users\mb\AppData\Roaming\Composer\vendor\bin;C:\Users\mb\AppData\Local\GitHubDesktop\bin;C:\sqlite-tools-win32-x86-3390200;c:\users\mb\appdata\local\programs\python\python310\lib\site-packages;C:\Users\mb\AppData\Roaming\npm;C:\Program Files\JetBrains\PyCharm Community Edition 2022.2.3\bin;
USERNAME=mb
OS=Windows_NT
PROCESSOR_IDENTIFIER=AMD64 Family 23 Model 17 Stepping 0, AuthenticAMD



---------------  S Y S T E M  ---------------

OS:
 Windows 10 , 64 bit Build 19041 (10.0.19041.546)
OS uptime: 10 days 11:05 hours

CPU: total 4 (initial active 4) (4 cores per cpu, 1 threads per core) family 23 model 17 stepping 0 microcode 0x0, cx8, cmov, fxsr, mmx, 3dnowpref, sse, sse2, sse3, ssse3, sse4a, sse4.1, sse4.2, popcnt, lzcnt, tsc, tscinvbit, avx, avx2, aes, clmul, bmi1, bmi2, adx, sha, fma, vzeroupper, clflush, clflushopt

Memory: 4k page, system-wide physical 6075M (402M free)
TotalPageFile size 22765M (AvailPageFile size 3M)
current process WorkingSet (physical memory assigned to process): 20M, peak: 20M
current process commit charge ("private bytes"): 157M, peak: 163M

vm_info: Java HotSpot(TM) 64-Bit Server VM (16.0.1+9-24) for windows-amd64 JRE (16.0.1+9-24), built on Mar 26 2021 19:31:42 by "mach5one" with MS VC++ 16.7 (VS2019)

END.
