#
# There is insufficient memory for the Java Runtime Environment to continue.
# Native memory allocation (mmap) failed to map 100663296 bytes for G1 virtual space
# Possible reasons:
#   The system is out of physical RAM or swap space
#   The process is running with CompressedOops enabled, and the Java Heap may be blocking the growth of the native heap
# Possible solutions:
#   Reduce memory load on the system
#   Increase physical memory or swap space
#   Check if swap backing store is full
#   Decrease Java heap size (-Xmx/-Xms)
#   Decrease number of Java threads
#   Decrease Java thread stack sizes (-Xss)
#   Set larger code cache with -XX:ReservedCodeCacheSize=
#   JVM is running with Unscaled Compressed Oops mode in which the Java heap is
#     placed in the first 4GB address space. The Java Heap base address is the
#     maximum limit for the native heap growth. Please use -XX:HeapBaseMinAddress
#     to set the Java Heap base and to place the Java Heap above 4GB virtual address.
# This output file may be truncated or incomplete.
#
#  Out of Memory Error (os_windows.cpp:3550), pid=13736, tid=14136
#
# JRE version:  (17.0.7+8) (build )
# Java VM: Java HotSpot(TM) 64-Bit Server VM (17.0.7+8-LTS-224, mixed mode, sharing, tiered, compressed oops, compressed class ptrs, g1 gc, windows-amd64)
# No core dump will be written. Minidumps are not enabled by default on client versions of Windows
#

---------------  S U M M A R Y ------------

Command Line: -Dfile.encoding=UTF-8 --module-path=C:\Users\mb\Documents\NetBeansProjects\kiosco\build\classes ventanas.Productos

Host: AMD Ryzen 3 2200G with Radeon Vega Graphics    , 4 cores, 5G,  Windows 10 , 64 bit Build 19041 (10.0.19041.546)
Time: Sun Jun  4 23:51:42 2023 Hora estándar de Argentina elapsed time: 0.011239 seconds (0d 0h 0m 0s)

---------------  T H R E A D  ---------------

Current thread (0x00000255d9cebeb0):  JavaThread "Unknown thread" [_thread_in_vm, id=14136, stack(0x0000009eec900000,0x0000009eeca00000)]

Stack: [0x0000009eec900000,0x0000009eeca00000]
Native frames: (J=compiled Java code, j=interpreted, Vv=VM code, C=native code)
V  [jvm.dll+0x676a4a]
V  [jvm.dll+0x7d74f4]
V  [jvm.dll+0x7d8c9e]
V  [jvm.dll+0x7d9303]
V  [jvm.dll+0x2452c5]
V  [jvm.dll+0x6738f9]
V  [jvm.dll+0x668232]
V  [jvm.dll+0x302826]
V  [jvm.dll+0x309da6]
V  [jvm.dll+0x35952e]
V  [jvm.dll+0x35975f]
V  [jvm.dll+0x2d9a38]
V  [jvm.dll+0x2da9a4]
V  [jvm.dll+0x7a8fb1]
V  [jvm.dll+0x3670e1]
V  [jvm.dll+0x788359]
V  [jvm.dll+0x3ea5ef]
V  [jvm.dll+0x3ec071]
C  [jli.dll+0x5297]
C  [ucrtbase.dll+0x214c2]
C  [KERNEL32.DLL+0x17034]
C  [ntdll.dll+0x4cec1]


---------------  P R O C E S S  ---------------

Threads class SMR info:
_java_thread_list=0x00007ff8dc714998, length=0, elements={
}

Java Threads: ( => current thread )

Other Threads:
  0x00000255d9d355a0 GCTaskThread "GC Thread#0" [stack: 0x0000009eeca00000,0x0000009eecb00000] [id=11144]
  0x00000255d9d43f00 ConcurrentGCThread "G1 Main Marker" [stack: 0x0000009eecb00000,0x0000009eecc00000] [id=15048]
  0x00000255d9d450b0 ConcurrentGCThread "G1 Conc#0" [stack: 0x0000009eecc00000,0x0000009eecd00000] [id=15300]

[error occurred during error reporting (printing all threads), id 0xc0000005, EXCEPTION_ACCESS_VIOLATION (0xc0000005) at pc=0x00007ff8dbf4a697]

VM state: not at safepoint (not fully initialized)

VM Mutex/Monitor currently owned by a thread:  ([mutex/lock_event])
[0x00000255d9ce8680] Heap_lock - owner thread: 0x00000255d9cebeb0

Heap address: 0x00000000a1000000, size: 1520 MB, Compressed Oops mode: 32-bit

CDS archive(s) mapped at: [0x0000000000000000-0x0000000000000000-0x0000000000000000), size 0, SharedBaseAddress: 0x0000000800000000, ArchiveRelocationMode: 0.
Narrow klass base: 0x0000000000000000, Narrow klass shift: 0, Narrow klass range: 0x0

GC Precious Log:
<Empty>

Heap:
 garbage-first heap   total 0K, used 0K [0x00000000a1000000, 0x0000000100000000)
  region size 1024K, 0 young (0K), 0 survivors (0K)

[error occurred during error reporting (printing heap information), id 0xc0000005, EXCEPTION_ACCESS_VIOLATION (0xc0000005) at pc=0x00007ff8dc3300b9]

GC Heap History (0 events):
No events

Deoptimization events (0 events):
No events

Classes unloaded (0 events):
No events

Classes redefined (0 events):
No events

Internal exceptions (0 events):
No events

VM Operations (0 events):
No events

Events (1 events):
Event: 0.007 Loaded shared library S:\Program Files\Java\jdk-17\bin\java.dll


Dynamic libraries:
0x00007ff733d20000 - 0x00007ff733d30000 	S:\Program Files\Java\jdk-17\bin\java.exe
0x00007ff9215f0000 - 0x00007ff9217e6000 	C:\Windows\SYSTEM32\ntdll.dll
0x00007ff921460000 - 0x00007ff92151d000 	C:\Windows\System32\KERNEL32.DLL
0x00007ff91eed0000 - 0x00007ff91f198000 	C:\Windows\System32\KERNELBASE.dll
0x00007ff91edd0000 - 0x00007ff91eed0000 	C:\Windows\System32\ucrtbase.dll
0x00007ff903be0000 - 0x00007ff903bf9000 	S:\Program Files\Java\jdk-17\bin\jli.dll
0x00007ff91a240000 - 0x00007ff91a25b000 	S:\Program Files\Java\jdk-17\bin\VCRUNTIME140.dll
0x00007ff920b40000 - 0x00007ff920bec000 	C:\Windows\System32\ADVAPI32.dll
0x00007ff920290000 - 0x00007ff92032e000 	C:\Windows\System32\msvcrt.dll
0x00007ff920330000 - 0x00007ff9203cb000 	C:\Windows\System32\sechost.dll
0x00007ff920990000 - 0x00007ff920ab4000 	C:\Windows\System32\RPCRT4.dll
0x00007ff9212c0000 - 0x00007ff921460000 	C:\Windows\System32\USER32.dll
0x00007ff91f300000 - 0x00007ff91f322000 	C:\Windows\System32\win32u.dll
0x00007ff913700000 - 0x00007ff91399b000 	C:\Windows\WinSxS\amd64_microsoft.windows.common-controls_6595b64144ccf1df_6.0.19041.488_none_ca04af081b815d21\COMCTL32.dll
0x00007ff91f690000 - 0x00007ff91f6ba000 	C:\Windows\System32\GDI32.dll
0x00007ff91f420000 - 0x00007ff91f529000 	C:\Windows\System32\gdi32full.dll
0x00007ff91f330000 - 0x00007ff91f3cd000 	C:\Windows\System32\msvcp_win.dll
0x00007ff917b90000 - 0x00007ff917b9a000 	C:\Windows\SYSTEM32\VERSION.dll
0x00007ff920260000 - 0x00007ff920290000 	C:\Windows\System32\IMM32.DLL
0x00007ff912250000 - 0x00007ff91225c000 	S:\Program Files\Java\jdk-17\bin\vcruntime140_1.dll
0x00007ff903c40000 - 0x00007ff903cce000 	S:\Program Files\Java\jdk-17\bin\msvcp140.dll
0x00007ff8dbc60000 - 0x00007ff8dc83d000 	S:\Program Files\Java\jdk-17\bin\server\jvm.dll
0x00007ff920500000 - 0x00007ff920508000 	C:\Windows\System32\PSAPI.DLL
0x00007ff91a260000 - 0x00007ff91a269000 	C:\Windows\SYSTEM32\WSOCK32.dll
0x00007ff917b60000 - 0x00007ff917b87000 	C:\Windows\SYSTEM32\WINMM.dll
0x00007ff921520000 - 0x00007ff92158b000 	C:\Windows\System32\WS2_32.dll
0x00007ff91cce0000 - 0x00007ff91ccf2000 	C:\Windows\SYSTEM32\kernel.appcore.dll
0x00007ff912200000 - 0x00007ff91220a000 	S:\Program Files\Java\jdk-17\bin\jimage.dll
0x00007ff914170000 - 0x00007ff914354000 	C:\Windows\SYSTEM32\DBGHELP.DLL
0x00007ff90a3b0000 - 0x00007ff90a3dc000 	C:\Windows\SYSTEM32\dbgcore.DLL
0x00007ff91f1d0000 - 0x00007ff91f24f000 	C:\Windows\System32\bcryptPrimitives.dll
0x00007ff9054c0000 - 0x00007ff9054e5000 	S:\Program Files\Java\jdk-17\bin\java.dll

dbghelp: loaded successfully - version: 4.0.5 - missing functions: none
symbol engine: initialized successfully - sym options: 0x614 - pdb path: .;S:\Program Files\Java\jdk-17\bin;C:\Windows\SYSTEM32;C:\Windows\WinSxS\amd64_microsoft.windows.common-controls_6595b64144ccf1df_6.0.19041.488_none_ca04af081b815d21;S:\Program Files\Java\jdk-17\bin\server

VM Arguments:
jvm_args: -Dfile.encoding=UTF-8 --module-path=C:\Users\mb\Documents\NetBeansProjects\kiosco\build\classes 
java_command: ventanas.Productos
java_class_path (initial): S:\Program Files\NetBeans-17\netbeans\java\modules\ext\AbsoluteLayout.jar;S:\Program Files\Java\jdk-16.0.1\javafx-sdk-17.0.1\lib\javafx-swt.jar;S:\Program Files\Java\jdk-16.0.1\javafx-sdk-17.0.1\lib\javafx.base.jar;S:\Program Files\Java\jdk-16.0.1\javafx-sdk-17.0.1\lib\javafx.controls.jar;S:\Program Files\Java\jdk-16.0.1\javafx-sdk-17.0.1\lib\javafx.fxml.jar;S:\Program Files\Java\jdk-16.0.1\javafx-sdk-17.0.1\lib\javafx.graphics.jar;S:\Program Files\Java\jdk-16.0.1\javafx-sdk-17.0.1\lib\javafx.media.jar;S:\Program Files\Java\jdk-16.0.1\javafx-sdk-17.0.1\lib\javafx.swing.jar;S:\Program Files\Java\jdk-16.0.1\javafx-sdk-17.0.1\lib\javafx.web.jar;C:\Users\mb\Downloads\jcalendar-1.4.jar;C:\Users\mb\Documents\NetBeansProjects\bolsaEmpleo\dist\lib\mysql-connector-java-8.0.28.jar;C:\Users\mb\Downloads\lib\lib\swingx-all-1.6.4.jar;C:\Users\mb\Documents\NetBeansProjects\kiosco\build\classes
Launcher Type: SUN_STANDARD

[Global flags]
     intx CICompilerCount                          = 3                                         {product} {ergonomic}
     uint ConcGCThreads                            = 1                                         {product} {ergonomic}
     uint G1ConcRefinementThreads                  = 4                                         {product} {ergonomic}
   size_t G1HeapRegionSize                         = 1048576                                   {product} {ergonomic}
    uintx GCDrainStackTargetSize                   = 64                                        {product} {ergonomic}
   size_t InitialHeapSize                          = 100663296                                 {product} {ergonomic}
   size_t MarkStackSize                            = 4194304                                   {product} {ergonomic}
   size_t MaxHeapSize                              = 1593835520                                {product} {ergonomic}
   size_t MinHeapDeltaBytes                        = 1048576                                   {product} {ergonomic}
   size_t MinHeapSize                              = 8388608                                   {product} {ergonomic}
    uintx NonNMethodCodeHeapSize                   = 5832780                                {pd product} {ergonomic}
    uintx NonProfiledCodeHeapSize                  = 122912730                              {pd product} {ergonomic}
    uintx ProfiledCodeHeapSize                     = 122912730                              {pd product} {ergonomic}
    uintx ReservedCodeCacheSize                    = 251658240                              {pd product} {ergonomic}
     bool SegmentedCodeCache                       = true                                      {product} {ergonomic}
   size_t SoftMaxHeapSize                          = 1593835520                             {manageable} {ergonomic}
     bool UseCompressedClassPointers               = true                           {product lp64_product} {ergonomic}
     bool UseCompressedOops                        = true                           {product lp64_product} {ergonomic}
     bool UseG1GC                                  = true                                      {product} {ergonomic}
     bool UseLargePagesIndividualAllocation        = false                                  {pd product} {ergonomic}

Logging:
Log output configuration:
 #0: stdout all=warning uptime,level,tags
 #1: stderr all=off uptime,level,tags

Environment Variables:
PATH=C:\Program Files (x86)\NVIDIA Corporation\PhysX\Common;C:\Program Files\Common Files\Oracle\Java\javapath;C:\Program Files (x86)\Common Files\Oracle\Java\javapath;C:\Windows\system32;C:\Windows;C:\Windows\System32\Wbem;C:\Windows\System32\WindowsPowerShell\v1.0\;C:\Windows\System32\OpenSSH\;C:\Program Files\Docker\Docker\resources\bin;C:\ProgramData\DockerDesktop\version-bin;S:\xampp\php;C:\ProgramData\ComposerSetup\bin;S:\Git\cmd;S:\Program Files\PowerShell\7\;C:\Program Files\nodejs\;S:\xampp\mysql\bin;C:\Program Files\MySQL\MySQL Shell 8.0\bin\;C:\Users\mb\AppData\Local\Programs\Python\Python310\Scripts\;C:\Users\mb\AppData\Local\Programs\Python\Python310\;C:\Users\mb\AppData\Local\Microsoft\WindowsApps;S:\Microsoft VS Code\bin;C:\Users\mb\AppData\Roaming\Composer\vendor\bin;C:\Users\mb\AppData\Local\GitHubDesktop\bin;C:\sqlite-tools-win32-x86-3390200;c:\users\mb\appdata\local\programs\python\python310\lib\site-packages;C:\Users\mb\AppData\Roaming\npm;C:\Program Files\JetBrains\PyCharm Community Edition 2022.2.3\bin;
USERNAME=mb
OS=Windows_NT
PROCESSOR_IDENTIFIER=AMD64 Family 23 Model 17 Stepping 0, AuthenticAMD



---------------  S Y S T E M  ---------------

OS:
 Windows 10 , 64 bit Build 19041 (10.0.19041.546)
OS uptime: 0 days 9:51 hours

CPU: total 4 (initial active 4) (4 cores per cpu, 1 threads per core) family 23 model 17 stepping 0 microcode 0x0, cx8, cmov, fxsr, mmx, 3dnowpref, sse, sse2, sse3, ssse3, sse4a, sse4.1, sse4.2, popcnt, lzcnt, tsc, tscinvbit, avx, avx2, aes, clmul, bmi1, bmi2, adx, sha, fma, vzeroupper, clflush, clflushopt

Memory: 4k page, system-wide physical 6075M (913M free)
TotalPageFile size 15398M (AvailPageFile size 77M)
current process WorkingSet (physical memory assigned to process): 10M, peak: 10M
current process commit charge ("private bytes"): 51M, peak: 147M

vm_info: Java HotSpot(TM) 64-Bit Server VM (17.0.7+8-LTS-224) for windows-amd64 JRE (17.0.7+8-LTS-224), built on Feb 28 2023 23:03:02 by "mach5one" with MS VC++ 17.1 (VS2022)

END.
